
**** Build of configuration Debug for project Exe03LED2 ****

"C:\\ti\\ccs1110\\ccs\\utils\\bin\\gmake" -k -j 8 all -O 
 
Building file: "../startup_msp432p401r_ccs.c"
Invoking: Arm Compiler
"C:/ti/ccs1110/ccs/tools/compiler/ti-cgt-arm_20.2.5.LTS/bin/armcl" -mv7M4 --code_state=16 --float_support=FPv4SPD16 -me --include_path="C:/ti/ccs1110/ccs/ccs_base/arm/include" --include_path="C:/ti/ccs1110/ccs/ccs_base/arm/include/CMSIS" --include_path="C:/ti/workspace/Exe03LED2" --include_path="C:/ti/ccs1110/ccs/tools/compiler/ti-cgt-arm_20.2.5.LTS/include" --advice:power=all --define=__MSP432P401R__ --define=ccs -g --gcc --diag_warning=225 --diag_wrap=off --display_error_number --abi=eabi --preproc_with_compile --preproc_dependency="startup_msp432p401r_ccs.d_raw"  "../startup_msp432p401r_ccs.c"
Finished building: "../startup_msp432p401r_ccs.c"
 
Building file: "../main.c"
Invoking: Arm Compiler
"C:/ti/ccs1110/ccs/tools/compiler/ti-cgt-arm_20.2.5.LTS/bin/armcl" -mv7M4 --code_state=16 --float_support=FPv4SPD16 -me --include_path="C:/ti/ccs1110/ccs/ccs_base/arm/include" --include_path="C:/ti/ccs1110/ccs/ccs_base/arm/include/CMSIS" --include_path="C:/ti/workspace/Exe03LED2" --include_path="C:/ti/ccs1110/ccs/tools/compiler/ti-cgt-arm_20.2.5.LTS/include" --advice:power=all --define=__MSP432P401R__ --define=ccs -g --gcc --diag_warning=225 --diag_wrap=off --display_error_number --abi=eabi --preproc_with_compile --preproc_dependency="main.d_raw"  "../main.c"
"../main.c", line 13: remark #1527-D: (ULP 2.1) Detected SW delay loop using empty loop. Recommend using a timer module instead
"../main.c", line 22: warning #179-D: variable "i" was declared but never referenced
Finished building: "../main.c"
 
Building file: "../system_msp432p401r.c"
Invoking: Arm Compiler
"C:/ti/ccs1110/ccs/tools/compiler/ti-cgt-arm_20.2.5.LTS/bin/armcl" -mv7M4 --code_state=16 --float_support=FPv4SPD16 -me --include_path="C:/ti/ccs1110/ccs/ccs_base/arm/include" --include_path="C:/ti/ccs1110/ccs/ccs_base/arm/include/CMSIS" --include_path="C:/ti/workspace/Exe03LED2" --include_path="C:/ti/ccs1110/ccs/tools/compiler/ti-cgt-arm_20.2.5.LTS/include" --advice:power=all --define=__MSP432P401R__ --define=ccs -g --gcc --diag_warning=225 --diag_wrap=off --display_error_number --abi=eabi --preproc_with_compile --preproc_dependency="system_msp432p401r.d_raw"  "../system_msp432p401r.c"
"../system_msp432p401r.c", line 156: remark #2624-D: (ULP 5.4) Detected an assignment to a type with size less than int. To avoid unnecessary sign extension, use int-sized types for local varaibles and convert to smaller types for static storage.
"../system_msp432p401r.c", line 189: remark #2624-D: (ULP 5.4) Detected an assignment to a type with size less than int. To avoid unnecessary sign extension, use int-sized types for local varaibles and convert to smaller types for static storage.
Finished building: "../system_msp432p401r.c"
 
Building target: "Exe03LED2.out"
Invoking: Arm Linker
"C:/ti/ccs1110/ccs/tools/compiler/ti-cgt-arm_20.2.5.LTS/bin/armcl" -mv7M4 --code_state=16 --float_support=FPv4SPD16 -me --advice:power=all --define=__MSP432P401R__ --define=ccs -g --gcc --diag_warning=225 --diag_wrap=off --display_error_number --abi=eabi -z -m"Exe03LED2.map" --heap_size=1024 --stack_size=512 -i"C:/ti/ccs1110/ccs/ccs_base/arm/include" -i"C:/ti/ccs1110/ccs/tools/compiler/ti-cgt-arm_20.2.5.LTS/lib" -i"C:/ti/ccs1110/ccs/tools/compiler/ti-cgt-arm_20.2.5.LTS/include" --reread_libs --diag_wrap=off --display_error_number --warn_sections --xml_link_info="Exe03LED2_linkInfo.xml" --rom_model -o "Exe03LED2.out" "./main.obj" "./startup_msp432p401r_ccs.obj" "./system_msp432p401r.obj" "../msp432p401r.cmd"  -llibc.a 
<Linking>
remark #10371-D: (ULP 1.1) Detected no uses of low power mode state changing instructions
remark #10372-D: (ULP 4.1) Detected uninitialized Port 1 in this project. Recommend initializing all unused ports to eliminate wasted current consumption on unused pins.
remark #10372-D: (ULP 4.1) Detected uninitialized Port 2 in this project. Recommend initializing all unused ports to eliminate wasted current consumption on unused pins.
remark #10372-D: (ULP 4.1) Detected uninitialized Port 3 in this project. Recommend initializing all unused ports to eliminate wasted current consumption on unused pins.
remark #10372-D: (ULP 4.1) Detected uninitialized Port 4 in this project. Recommend initializing all unused ports to eliminate wasted current consumption on unused pins.
remark #10372-D: (ULP 4.1) Detected uninitialized Port 5 in this project. Recommend initializing all unused ports to eliminate wasted current consumption on unused pins.
remark #10372-D: (ULP 4.1) Detected uninitialized Port 6 in this project. Recommend initializing all unused ports to eliminate wasted current consumption on unused pins.
remark #10372-D: (ULP 4.1) Detected uninitialized Port 7 in this project. Recommend initializing all unused ports to eliminate wasted current consumption on unused pins.
remark #10372-D: (ULP 4.1) Detected uninitialized Port 8 in this project. Recommend initializing all unused ports to eliminate wasted current consumption on unused pins.
remark #10372-D: (ULP 4.1) Detected uninitialized Port 9 in this project. Recommend initializing all unused ports to eliminate wasted current consumption on unused pins.
remark #10372-D: (ULP 4.1) Detected uninitialized Port 10 in this project. Recommend initializing all unused ports to eliminate wasted current consumption on unused pins.
Finished building target: "Exe03LED2.out"
 

**** Build Finished ****
