
**** Build of configuration Debug for project Lab32_Motion_Tracking ****

"C:\\ti\\ccs1110\\ccs\\utils\\bin\\gmake" -k -j 8 all -O 
 
Building file: "../startup_msp432p401r_ccs.c"
Invoking: ARM Compiler
"C:/ti/ccs1110/ccs/tools/compiler/ti-cgt-arm_20.2.5.LTS/bin/armcl" -mv7M4 --code_state=16 --float_support=FPv4SPD16 -me --include_path="C:/ti/ccs1110/ccs/ccs_base/arm/include" --include_path="C:/ti/Lab/Lab32_Motion_Tracking/course" --include_path="C:/ti/Lab/Lab32_Motion_Tracking/driverlib/MSP432P4xx" --include_path="C:/ti/Lab/Lab32_Motion_Tracking/app" --include_path="C:/ti/ccs1110/ccs/ccs_base/arm/include/CMSIS" --include_path="C:/ti/Lab/Lab32_Motion_Tracking" --include_path="C:/ti/ccs1110/ccs/tools/compiler/ti-cgt-arm_20.2.5.LTS/include" --advice:power=all --define=__MSP432P401R__ --define=ccs -g --gcc --diag_warning=225 --diag_wrap=off --display_error_number --abi=eabi --preproc_with_compile --preproc_dependency="startup_msp432p401r_ccs.d_raw"  "../startup_msp432p401r_ccs.c"
Finished building: "../startup_msp432p401r_ccs.c"
 
Building file: "../app/uart3_cmd.c"
Invoking: ARM Compiler
"C:/ti/ccs1110/ccs/tools/compiler/ti-cgt-arm_20.2.5.LTS/bin/armcl" -mv7M4 --code_state=16 --float_support=FPv4SPD16 -me --include_path="C:/ti/ccs1110/ccs/ccs_base/arm/include" --include_path="C:/ti/Lab/Lab32_Motion_Tracking/course" --include_path="C:/ti/Lab/Lab32_Motion_Tracking/driverlib/MSP432P4xx" --include_path="C:/ti/Lab/Lab32_Motion_Tracking/app" --include_path="C:/ti/ccs1110/ccs/ccs_base/arm/include/CMSIS" --include_path="C:/ti/Lab/Lab32_Motion_Tracking" --include_path="C:/ti/ccs1110/ccs/tools/compiler/ti-cgt-arm_20.2.5.LTS/include" --advice:power=all --define=__MSP432P401R__ --define=ccs -g --gcc --diag_warning=225 --diag_wrap=off --display_error_number --abi=eabi --preproc_with_compile --preproc_dependency="app/uart3_cmd.d_raw" --obj_directory="app"  "../app/uart3_cmd.c"
"../app/uart3_cmd.c", line 47: remark #1527-D: (ULP 2.1) Detected SW delay loop using empty loop. Recommend using a timer module instead
Finished building: "../app/uart3_cmd.c"
 
Building file: "../system_msp432p401r.c"
Invoking: ARM Compiler
"C:/ti/ccs1110/ccs/tools/compiler/ti-cgt-arm_20.2.5.LTS/bin/armcl" -mv7M4 --code_state=16 --float_support=FPv4SPD16 -me --include_path="C:/ti/ccs1110/ccs/ccs_base/arm/include" --include_path="C:/ti/Lab/Lab32_Motion_Tracking/course" --include_path="C:/ti/Lab/Lab32_Motion_Tracking/driverlib/MSP432P4xx" --include_path="C:/ti/Lab/Lab32_Motion_Tracking/app" --include_path="C:/ti/ccs1110/ccs/ccs_base/arm/include/CMSIS" --include_path="C:/ti/Lab/Lab32_Motion_Tracking" --include_path="C:/ti/ccs1110/ccs/tools/compiler/ti-cgt-arm_20.2.5.LTS/include" --advice:power=all --define=__MSP432P401R__ --define=ccs -g --gcc --diag_warning=225 --diag_wrap=off --display_error_number --abi=eabi --preproc_with_compile --preproc_dependency="system_msp432p401r.d_raw"  "../system_msp432p401r.c"
"../system_msp432p401r.c", line 156: remark #2624-D: (ULP 5.4) Detected an assignment to a type with size less than int. To avoid unnecessary sign extension, use int-sized types for local varaibles and convert to smaller types for static storage.
"../system_msp432p401r.c", line 189: remark #2624-D: (ULP 5.4) Detected an assignment to a type with size less than int. To avoid unnecessary sign extension, use int-sized types for local varaibles and convert to smaller types for static storage.
Finished building: "../system_msp432p401r.c"
 
Building file: "../main.c"
Invoking: ARM Compiler
"C:/ti/ccs1110/ccs/tools/compiler/ti-cgt-arm_20.2.5.LTS/bin/armcl" -mv7M4 --code_state=16 --float_support=FPv4SPD16 -me --include_path="C:/ti/ccs1110/ccs/ccs_base/arm/include" --include_path="C:/ti/Lab/Lab32_Motion_Tracking/course" --include_path="C:/ti/Lab/Lab32_Motion_Tracking/driverlib/MSP432P4xx" --include_path="C:/ti/Lab/Lab32_Motion_Tracking/app" --include_path="C:/ti/ccs1110/ccs/ccs_base/arm/include/CMSIS" --include_path="C:/ti/Lab/Lab32_Motion_Tracking" --include_path="C:/ti/ccs1110/ccs/tools/compiler/ti-cgt-arm_20.2.5.LTS/include" --advice:power=all --define=__MSP432P401R__ --define=ccs -g --gcc --diag_warning=225 --diag_wrap=off --display_error_number --abi=eabi --preproc_with_compile --preproc_dependency="main.d_raw"  "../main.c"
"../main.c", line 47: warning #225-D: function "ICM20948_InitMag" declared implicitly
"../main.c", line 50: warning #225-D: function "AK09916_GetMag" declared implicitly
"../main.c", line 18: warning #179-D: variable "tsl2561_device_id" was declared but never referenced
"../main.c", line 50: remark #2624-D: (ULP 5.4) Detected an assignment to a type with size less than int. To avoid unnecessary sign extension, use int-sized types for local varaibles and convert to smaller types for static storage.
"../main.c", line 50: remark #2624-D: (ULP 5.4) Detected an assignment to a type with size less than int. To avoid unnecessary sign extension, use int-sized types for local varaibles and convert to smaller types for static storage.
"../main.c", line 50: remark #2624-D: (ULP 5.4) Detected an assignment to a type with size less than int. To avoid unnecessary sign extension, use int-sized types for local varaibles and convert to smaller types for static storage.
"../main.c", line 51: remark #1532-D: (ULP 5.3) Detected printf() operation(s). Recommend moving them to RAM during run time or not using as these are processing/power intensive
"../main.c", line 53: remark #1532-D: (ULP 5.3) Detected printf() operation(s). Recommend moving them to RAM during run time or not using as these are processing/power intensive
"../main.c", line 55: remark #1532-D: (ULP 5.3) Detected printf() operation(s). Recommend moving them to RAM during run time or not using as these are processing/power intensive
"../main.c", line 14: warning #179-D: variable "TSL2561_Int_Status" was declared but never referenced
"../main.c", line 53 (col. 15): remark #1531-D: (ULP 5.2) Detected floating point operation(s). Recommend moving them to RAM during run time or not using as these are processing/power intensive
"../main.c", line 55 (col. 15): remark #1531-D: (ULP 5.2) Detected floating point operation(s). Recommend moving them to RAM during run time or not using as these are processing/power intensive
Finished building: "../main.c"
 
Building file: "../course/Clock.c"
Invoking: ARM Compiler
"C:/ti/ccs1110/ccs/tools/compiler/ti-cgt-arm_20.2.5.LTS/bin/armcl" -mv7M4 --code_state=16 --float_support=FPv4SPD16 -me --include_path="C:/ti/ccs1110/ccs/ccs_base/arm/include" --include_path="C:/ti/Lab/Lab32_Motion_Tracking/course" --include_path="C:/ti/Lab/Lab32_Motion_Tracking/driverlib/MSP432P4xx" --include_path="C:/ti/Lab/Lab32_Motion_Tracking/app" --include_path="C:/ti/ccs1110/ccs/ccs_base/arm/include/CMSIS" --include_path="C:/ti/Lab/Lab32_Motion_Tracking" --include_path="C:/ti/ccs1110/ccs/tools/compiler/ti-cgt-arm_20.2.5.LTS/include" --advice:power=all --define=__MSP432P401R__ --define=ccs -g --gcc --diag_warning=225 --diag_wrap=off --display_error_number --abi=eabi --preproc_with_compile --preproc_dependency="course/Clock.d_raw" --obj_directory="course"  "../course/Clock.c"
Finished building: "../course/Clock.c"
 
Building file: "../i2c_driver.c"
Invoking: ARM Compiler
"C:/ti/ccs1110/ccs/tools/compiler/ti-cgt-arm_20.2.5.LTS/bin/armcl" -mv7M4 --code_state=16 --float_support=FPv4SPD16 -me --include_path="C:/ti/ccs1110/ccs/ccs_base/arm/include" --include_path="C:/ti/Lab/Lab32_Motion_Tracking/course" --include_path="C:/ti/Lab/Lab32_Motion_Tracking/driverlib/MSP432P4xx" --include_path="C:/ti/Lab/Lab32_Motion_Tracking/app" --include_path="C:/ti/ccs1110/ccs/ccs_base/arm/include/CMSIS" --include_path="C:/ti/Lab/Lab32_Motion_Tracking" --include_path="C:/ti/ccs1110/ccs/tools/compiler/ti-cgt-arm_20.2.5.LTS/include" --advice:power=all --define=__MSP432P401R__ --define=ccs -g --gcc --diag_warning=225 --diag_wrap=off --display_error_number --abi=eabi --preproc_with_compile --preproc_dependency="i2c_driver.d_raw"  "../i2c_driver.c"
"../i2c_driver.c", line 154: warning #169-D: argument of type "volatile eUSCI_I2C_MasterConfig *" is incompatible with parameter of type "const eUSCI_I2C_MasterConfig *"
"../i2c_driver.c", line 161: warning #169-D: argument of type "volatile eUSCI_I2C_MasterConfig *" is incompatible with parameter of type "const eUSCI_I2C_MasterConfig *"
"../i2c_driver.c", line 169: warning #169-D: argument of type "volatile eUSCI_I2C_MasterConfig *" is incompatible with parameter of type "const eUSCI_I2C_MasterConfig *"
"../i2c_driver.c", line 176: warning #169-D: argument of type "volatile eUSCI_I2C_MasterConfig *" is incompatible with parameter of type "const eUSCI_I2C_MasterConfig *"
"../i2c_driver.c", line 249: remark #1528-D: (ULP 3.1) Detected flag polling using eUSCI_BUSY. Recommend using an interrupt combined with enter LPMx and ISR
"../i2c_driver.c", line 193: remark #1527-D: (ULP 2.1) Detected SW delay loop using empty loop. Recommend using a timer module instead
"../i2c_driver.c", line 364: remark #1528-D: (ULP 3.1) Detected flag polling using eUSCI_BUSY. Recommend using an interrupt combined with enter LPMx and ISR
"../i2c_driver.c", line 381: remark #1528-D: (ULP 3.1) Detected flag polling using eUSCI_BUSY. Recommend using an interrupt combined with enter LPMx and ISR
"../i2c_driver.c", line 298: remark #1527-D: (ULP 2.1) Detected SW delay loop using empty loop. Recommend using a timer module instead
"../i2c_driver.c", line 500: remark #1528-D: (ULP 3.1) Detected flag polling using eUSCI_BUSY. Recommend using an interrupt combined with enter LPMx and ISR
"../i2c_driver.c", line 517: remark #1528-D: (ULP 3.1) Detected flag polling using eUSCI_BUSY. Recommend using an interrupt combined with enter LPMx and ISR
"../i2c_driver.c", line 429: remark #1527-D: (ULP 2.1) Detected SW delay loop using empty loop. Recommend using a timer module instead
Finished building: "../i2c_driver.c"
 
Building file: "../course/UART0.c"
Invoking: ARM Compiler
"C:/ti/ccs1110/ccs/tools/compiler/ti-cgt-arm_20.2.5.LTS/bin/armcl" -mv7M4 --code_state=16 --float_support=FPv4SPD16 -me --include_path="C:/ti/ccs1110/ccs/ccs_base/arm/include" --include_path="C:/ti/Lab/Lab32_Motion_Tracking/course" --include_path="C:/ti/Lab/Lab32_Motion_Tracking/driverlib/MSP432P4xx" --include_path="C:/ti/Lab/Lab32_Motion_Tracking/app" --include_path="C:/ti/ccs1110/ccs/ccs_base/arm/include/CMSIS" --include_path="C:/ti/Lab/Lab32_Motion_Tracking" --include_path="C:/ti/ccs1110/ccs/tools/compiler/ti-cgt-arm_20.2.5.LTS/include" --advice:power=all --define=__MSP432P401R__ --define=ccs -g --gcc --diag_warning=225 --diag_wrap=off --display_error_number --abi=eabi --preproc_with_compile --preproc_dependency="course/UART0.d_raw" --obj_directory="course"  "../course/UART0.c"
"../course/UART0.c", line 95: remark #1527-D: (ULP 2.1) Detected SW delay loop using empty loop. Recommend using a timer module instead
"../course/UART0.c", line 104: remark #1527-D: (ULP 2.1) Detected SW delay loop using empty loop. Recommend using a timer module instead
Finished building: "../course/UART0.c"
 
Building file: "../ICM20948_driver.c"
Invoking: ARM Compiler
"C:/ti/ccs1110/ccs/tools/compiler/ti-cgt-arm_20.2.5.LTS/bin/armcl" -mv7M4 --code_state=16 --float_support=FPv4SPD16 -me --include_path="C:/ti/ccs1110/ccs/ccs_base/arm/include" --include_path="C:/ti/Lab/Lab32_Motion_Tracking/course" --include_path="C:/ti/Lab/Lab32_Motion_Tracking/driverlib/MSP432P4xx" --include_path="C:/ti/Lab/Lab32_Motion_Tracking/app" --include_path="C:/ti/ccs1110/ccs/ccs_base/arm/include/CMSIS" --include_path="C:/ti/Lab/Lab32_Motion_Tracking" --include_path="C:/ti/ccs1110/ccs/tools/compiler/ti-cgt-arm_20.2.5.LTS/include" --advice:power=all --define=__MSP432P401R__ --define=ccs -g --gcc --diag_warning=225 --diag_wrap=off --display_error_number --abi=eabi --preproc_with_compile --preproc_dependency="ICM20948_driver.d_raw"  "../ICM20948_driver.c"
"../ICM20948_driver.c", line 49: remark #2624-D: (ULP 5.4) Detected an assignment to a type with size less than int. To avoid unnecessary sign extension, use int-sized types for local varaibles and convert to smaller types for static storage.
"../ICM20948_driver.c", line 52: remark #2624-D: (ULP 5.4) Detected an assignment to a type with size less than int. To avoid unnecessary sign extension, use int-sized types for local varaibles and convert to smaller types for static storage.
"../ICM20948_driver.c", line 75: remark #2624-D: (ULP 5.4) Detected an assignment to a type with size less than int. To avoid unnecessary sign extension, use int-sized types for local varaibles and convert to smaller types for static storage.
"../ICM20948_driver.c", line 97: remark #2624-D: (ULP 5.4) Detected an assignment to a type with size less than int. To avoid unnecessary sign extension, use int-sized types for local varaibles and convert to smaller types for static storage.
"../ICM20948_driver.c", line 118: remark #2624-D: (ULP 5.4) Detected an assignment to a type with size less than int. To avoid unnecessary sign extension, use int-sized types for local varaibles and convert to smaller types for static storage.
"../ICM20948_driver.c", line 121: remark #1532-D: (ULP 5.3) Detected printf() operation(s). Recommend moving them to RAM during run time or not using as these are processing/power intensive
"../ICM20948_driver.c", line 157: remark #2624-D: (ULP 5.4) Detected an assignment to a type with size less than int. To avoid unnecessary sign extension, use int-sized types for local varaibles and convert to smaller types for static storage.
"../ICM20948_driver.c", line 174: remark #2624-D: (ULP 5.4) Detected an assignment to a type with size less than int. To avoid unnecessary sign extension, use int-sized types for local varaibles and convert to smaller types for static storage.
"../ICM20948_driver.c", line 191: remark #2624-D: (ULP 5.4) Detected an assignment to a type with size less than int. To avoid unnecessary sign extension, use int-sized types for local varaibles and convert to smaller types for static storage.
"../ICM20948_driver.c", line 194: remark #2624-D: (ULP 5.4) Detected an assignment to a type with size less than int. To avoid unnecessary sign extension, use int-sized types for local varaibles and convert to smaller types for static storage.
"../ICM20948_driver.c", line 196: remark #2624-D: (ULP 5.4) Detected an assignment to a type with size less than int. To avoid unnecessary sign extension, use int-sized types for local varaibles and convert to smaller types for static storage.
"../ICM20948_driver.c", line 199: remark #1532-D: (ULP 5.3) Detected printf() operation(s). Recommend moving them to RAM during run time or not using as these are processing/power intensive
"../ICM20948_driver.c", line 214: remark #2624-D: (ULP 5.4) Detected an assignment to a type with size less than int. To avoid unnecessary sign extension, use int-sized types for local varaibles and convert to smaller types for static storage.
"../ICM20948_driver.c", line 216: remark #1532-D: (ULP 5.3) Detected printf() operation(s). Recommend moving them to RAM during run time or not using as these are processing/power intensive
"../ICM20948_driver.c", line 219: remark #2624-D: (ULP 5.4) Detected an assignment to a type with size less than int. To avoid unnecessary sign extension, use int-sized types for local varaibles and convert to smaller types for static storage.
"../ICM20948_driver.c", line 221: remark #1532-D: (ULP 5.3) Detected printf() operation(s). Recommend moving them to RAM during run time or not using as these are processing/power intensive
"../ICM20948_driver.c", line 223: remark #2624-D: (ULP 5.4) Detected an assignment to a type with size less than int. To avoid unnecessary sign extension, use int-sized types for local varaibles and convert to smaller types for static storage.
"../ICM20948_driver.c", line 224: remark #2624-D: (ULP 5.4) Detected an assignment to a type with size less than int. To avoid unnecessary sign extension, use int-sized types for local varaibles and convert to smaller types for static storage.
"../ICM20948_driver.c", line 226: remark #1532-D: (ULP 5.3) Detected printf() operation(s). Recommend moving them to RAM during run time or not using as these are processing/power intensive
"../ICM20948_driver.c", line 240: remark #2624-D: (ULP 5.4) Detected an assignment to a type with size less than int. To avoid unnecessary sign extension, use int-sized types for local varaibles and convert to smaller types for static storage.
"../ICM20948_driver.c", line 241: remark #1532-D: (ULP 5.3) Detected printf() operation(s). Recommend moving them to RAM during run time or not using as these are processing/power intensive
"../ICM20948_driver.c", line 255: remark #2624-D: (ULP 5.4) Detected an assignment to a type with size less than int. To avoid unnecessary sign extension, use int-sized types for local varaibles and convert to smaller types for static storage.
"../ICM20948_driver.c", line 257: remark #1532-D: (ULP 5.3) Detected printf() operation(s). Recommend moving them to RAM during run time or not using as these are processing/power intensive
"../ICM20948_driver.c", line 262: remark #2624-D: (ULP 5.4) Detected an assignment to a type with size less than int. To avoid unnecessary sign extension, use int-sized types for local varaibles and convert to smaller types for static storage.
"../ICM20948_driver.c", line 264: remark #1532-D: (ULP 5.3) Detected printf() operation(s). Recommend moving them to RAM during run time or not using as these are processing/power intensive
"../ICM20948_driver.c", line 282: remark #2624-D: (ULP 5.4) Detected an assignment to a type with size less than int. To avoid unnecessary sign extension, use int-sized types for local varaibles and convert to smaller types for static storage.
"../ICM20948_driver.c", line 283: remark #1532-D: (ULP 5.3) Detected printf() operation(s). Recommend moving them to RAM during run time or not using as these are processing/power intensive
"../ICM20948_driver.c", line 288: remark #2624-D: (ULP 5.4) Detected an assignment to a type with size less than int. To avoid unnecessary sign extension, use int-sized types for local varaibles and convert to smaller types for static storage.
"../ICM20948_driver.c", line 289: remark #1532-D: (ULP 5.3) Detected printf() operation(s). Recommend moving them to RAM during run time or not using as these are processing/power intensive
"../ICM20948_driver.c", line 294: remark #2624-D: (ULP 5.4) Detected an assignment to a type with size less than int. To avoid unnecessary sign extension, use int-sized types for local varaibles and convert to smaller types for static storage.
"../ICM20948_driver.c", line 295: remark #1532-D: (ULP 5.3) Detected printf() operation(s). Recommend moving them to RAM during run time or not using as these are processing/power intensive
"../ICM20948_driver.c", line 300: remark #2624-D: (ULP 5.4) Detected an assignment to a type with size less than int. To avoid unnecessary sign extension, use int-sized types for local varaibles and convert to smaller types for static storage.
"../ICM20948_driver.c", line 301: remark #1532-D: (ULP 5.3) Detected printf() operation(s). Recommend moving them to RAM during run time or not using as these are processing/power intensive
"../ICM20948_driver.c", line 307: remark #2624-D: (ULP 5.4) Detected an assignment to a type with size less than int. To avoid unnecessary sign extension, use int-sized types for local varaibles and convert to smaller types for static storage.
"../ICM20948_driver.c", line 308: remark #1532-D: (ULP 5.3) Detected printf() operation(s). Recommend moving them to RAM during run time or not using as these are processing/power intensive
"../ICM20948_driver.c", line 314: remark #2624-D: (ULP 5.4) Detected an assignment to a type with size less than int. To avoid unnecessary sign extension, use int-sized types for local varaibles and convert to smaller types for static storage.
"../ICM20948_driver.c", line 315: remark #1532-D: (ULP 5.3) Detected printf() operation(s). Recommend moving them to RAM during run time or not using as these are processing/power intensive
"../ICM20948_driver.c", line 320: remark #2624-D: (ULP 5.4) Detected an assignment to a type with size less than int. To avoid unnecessary sign extension, use int-sized types for local varaibles and convert to smaller types for static storage.
"../ICM20948_driver.c", line 321: remark #1532-D: (ULP 5.3) Detected printf() operation(s). Recommend moving them to RAM during run time or not using as these are processing/power intensive
"../ICM20948_driver.c", line 326: remark #2624-D: (ULP 5.4) Detected an assignment to a type with size less than int. To avoid unnecessary sign extension, use int-sized types for local varaibles and convert to smaller types for static storage.
"../ICM20948_driver.c", line 327: remark #1532-D: (ULP 5.3) Detected printf() operation(s). Recommend moving them to RAM during run time or not using as these are processing/power intensive
"../ICM20948_driver.c", line 332: remark #2624-D: (ULP 5.4) Detected an assignment to a type with size less than int. To avoid unnecessary sign extension, use int-sized types for local varaibles and convert to smaller types for static storage.
"../ICM20948_driver.c", line 333: remark #1532-D: (ULP 5.3) Detected printf() operation(s). Recommend moving them to RAM during run time or not using as these are processing/power intensive
"../ICM20948_driver.c", line 339: remark #2624-D: (ULP 5.4) Detected an assignment to a type with size less than int. To avoid unnecessary sign extension, use int-sized types for local varaibles and convert to smaller types for static storage.
"../ICM20948_driver.c", line 340: remark #1532-D: (ULP 5.3) Detected printf() operation(s). Recommend moving them to RAM during run time or not using as these are processing/power intensive
"../ICM20948_driver.c", line 350: remark #2624-D: (ULP 5.4) Detected an assignment to a type with size less than int. To avoid unnecessary sign extension, use int-sized types for local varaibles and convert to smaller types for static storage.
"../ICM20948_driver.c", line 351: remark #1532-D: (ULP 5.3) Detected printf() operation(s). Recommend moving them to RAM during run time or not using as these are processing/power intensive
"../ICM20948_driver.c", line 356: remark #2624-D: (ULP 5.4) Detected an assignment to a type with size less than int. To avoid unnecessary sign extension, use int-sized types for local varaibles and convert to smaller types for static storage.
"../ICM20948_driver.c", line 357: remark #1532-D: (ULP 5.3) Detected printf() operation(s). Recommend moving them to RAM during run time or not using as these are processing/power intensive
"../ICM20948_driver.c", line 362: remark #2624-D: (ULP 5.4) Detected an assignment to a type with size less than int. To avoid unnecessary sign extension, use int-sized types for local varaibles and convert to smaller types for static storage.
"../ICM20948_driver.c", line 363: remark #1532-D: (ULP 5.3) Detected printf() operation(s). Recommend moving them to RAM during run time or not using as these are processing/power intensive
"../ICM20948_driver.c", line 369: remark #2624-D: (ULP 5.4) Detected an assignment to a type with size less than int. To avoid unnecessary sign extension, use int-sized types for local varaibles and convert to smaller types for static storage.
"../ICM20948_driver.c", line 378: remark #1532-D: (ULP 5.3) Detected printf() operation(s). Recommend moving them to RAM during run time or not using as these are processing/power intensive
"../ICM20948_driver.c", line 396: remark #2624-D: (ULP 5.4) Detected an assignment to a type with size less than int. To avoid unnecessary sign extension, use int-sized types for local varaibles and convert to smaller types for static storage.
"../ICM20948_driver.c", line 397: remark #1532-D: (ULP 5.3) Detected printf() operation(s). Recommend moving them to RAM during run time or not using as these are processing/power intensive
"../ICM20948_driver.c", line 402: remark #2624-D: (ULP 5.4) Detected an assignment to a type with size less than int. To avoid unnecessary sign extension, use int-sized types for local varaibles and convert to smaller types for static storage.
"../ICM20948_driver.c", line 403: remark #1532-D: (ULP 5.3) Detected printf() operation(s). Recommend moving them to RAM during run time or not using as these are processing/power intensive
"../ICM20948_driver.c", line 409: remark #2624-D: (ULP 5.4) Detected an assignment to a type with size less than int. To avoid unnecessary sign extension, use int-sized types for local varaibles and convert to smaller types for static storage.
"../ICM20948_driver.c", line 410: remark #1532-D: (ULP 5.3) Detected printf() operation(s). Recommend moving them to RAM during run time or not using as these are processing/power intensive
"../ICM20948_driver.c", line 425: remark #1532-D: (ULP 5.3) Detected printf() operation(s). Recommend moving them to RAM during run time or not using as these are processing/power intensive
"../ICM20948_driver.c", line 440: remark #2624-D: (ULP 5.4) Detected an assignment to a type with size less than int. To avoid unnecessary sign extension, use int-sized types for local varaibles and convert to smaller types for static storage.
"../ICM20948_driver.c", line 441: remark #1532-D: (ULP 5.3) Detected printf() operation(s). Recommend moving them to RAM during run time or not using as these are processing/power intensive
"../ICM20948_driver.c", line 446: remark #2624-D: (ULP 5.4) Detected an assignment to a type with size less than int. To avoid unnecessary sign extension, use int-sized types for local varaibles and convert to smaller types for static storage.
"../ICM20948_driver.c", line 447: remark #1532-D: (ULP 5.3) Detected printf() operation(s). Recommend moving them to RAM during run time or not using as these are processing/power intensive
"../ICM20948_driver.c", line 453: remark #2624-D: (ULP 5.4) Detected an assignment to a type with size less than int. To avoid unnecessary sign extension, use int-sized types for local varaibles and convert to smaller types for static storage.
"../ICM20948_driver.c", line 454: remark #1532-D: (ULP 5.3) Detected printf() operation(s). Recommend moving them to RAM during run time or not using as these are processing/power intensive
"../ICM20948_driver.c", line 462: remark #2624-D: (ULP 5.4) Detected an assignment to a type with size less than int. To avoid unnecessary sign extension, use int-sized types for local varaibles and convert to smaller types for static storage.
"../ICM20948_driver.c", line 463: remark #1532-D: (ULP 5.3) Detected printf() operation(s). Recommend moving them to RAM during run time or not using as these are processing/power intensive
"../ICM20948_driver.c", line 476: remark #1532-D: (ULP 5.3) Detected printf() operation(s). Recommend moving them to RAM during run time or not using as these are processing/power intensive
"../ICM20948_driver.c", line 498: remark #1532-D: (ULP 5.3) Detected printf() operation(s). Recommend moving them to RAM during run time or not using as these are processing/power intensive
"../ICM20948_driver.c", line 504: warning #179-D: variable "i" was declared but never referenced
"../ICM20948_driver.c", line 532: remark #1532-D: (ULP 5.3) Detected printf() operation(s). Recommend moving them to RAM during run time or not using as these are processing/power intensive
"../ICM20948_driver.c", line 583: remark #1532-D: (ULP 5.3) Detected printf() operation(s). Recommend moving them to RAM during run time or not using as these are processing/power intensive
"../ICM20948_driver.c", line 598: remark #1532-D: (ULP 5.3) Detected printf() operation(s). Recommend moving them to RAM during run time or not using as these are processing/power intensive
"../ICM20948_driver.c", line 619: remark #2624-D: (ULP 5.4) Detected an assignment to a type with size less than int. To avoid unnecessary sign extension, use int-sized types for local varaibles and convert to smaller types for static storage.
"../ICM20948_driver.c", line 620: remark #1532-D: (ULP 5.3) Detected printf() operation(s). Recommend moving them to RAM during run time or not using as these are processing/power intensive
"../ICM20948_driver.c", line 625: remark #2624-D: (ULP 5.4) Detected an assignment to a type with size less than int. To avoid unnecessary sign extension, use int-sized types for local varaibles and convert to smaller types for static storage.
"../ICM20948_driver.c", line 626: remark #1532-D: (ULP 5.3) Detected printf() operation(s). Recommend moving them to RAM during run time or not using as these are processing/power intensive
"../ICM20948_driver.c", line 631: remark #2624-D: (ULP 5.4) Detected an assignment to a type with size less than int. To avoid unnecessary sign extension, use int-sized types for local varaibles and convert to smaller types for static storage.
"../ICM20948_driver.c", line 632: remark #1532-D: (ULP 5.3) Detected printf() operation(s). Recommend moving them to RAM during run time or not using as these are processing/power intensive
"../ICM20948_driver.c", line 641: remark #1532-D: (ULP 5.3) Detected printf() operation(s). Recommend moving them to RAM during run time or not using as these are processing/power intensive
"../ICM20948_driver.c", line 648: remark #2624-D: (ULP 5.4) Detected an assignment to a type with size less than int. To avoid unnecessary sign extension, use int-sized types for local varaibles and convert to smaller types for static storage.
Finished building: "../ICM20948_driver.c"
 
Building file: "../driverlib/MSP432P4xx/cpu.c"
Invoking: ARM Compiler
"C:/ti/ccs1110/ccs/tools/compiler/ti-cgt-arm_20.2.5.LTS/bin/armcl" -mv7M4 --code_state=16 --float_support=FPv4SPD16 -me --include_path="C:/ti/ccs1110/ccs/ccs_base/arm/include" --include_path="C:/ti/Lab/Lab32_Motion_Tracking/course" --include_path="C:/ti/Lab/Lab32_Motion_Tracking/driverlib/MSP432P4xx" --include_path="C:/ti/Lab/Lab32_Motion_Tracking/app" --include_path="C:/ti/ccs1110/ccs/ccs_base/arm/include/CMSIS" --include_path="C:/ti/Lab/Lab32_Motion_Tracking" --include_path="C:/ti/ccs1110/ccs/tools/compiler/ti-cgt-arm_20.2.5.LTS/include" --advice:power=all --define=__MSP432P401R__ --define=ccs -g --gcc --diag_warning=225 --diag_wrap=off --display_error_number --abi=eabi --preproc_with_compile --preproc_dependency="driverlib/MSP432P4xx/cpu.d_raw" --obj_directory="driverlib/MSP432P4xx"  "../driverlib/MSP432P4xx/cpu.c"
Finished building: "../driverlib/MSP432P4xx/cpu.c"
 
Building file: "../driverlib/MSP432P4xx/adc14.c"
Invoking: ARM Compiler
"C:/ti/ccs1110/ccs/tools/compiler/ti-cgt-arm_20.2.5.LTS/bin/armcl" -mv7M4 --code_state=16 --float_support=FPv4SPD16 -me --include_path="C:/ti/ccs1110/ccs/ccs_base/arm/include" --include_path="C:/ti/Lab/Lab32_Motion_Tracking/course" --include_path="C:/ti/Lab/Lab32_Motion_Tracking/driverlib/MSP432P4xx" --include_path="C:/ti/Lab/Lab32_Motion_Tracking/app" --include_path="C:/ti/ccs1110/ccs/ccs_base/arm/include/CMSIS" --include_path="C:/ti/Lab/Lab32_Motion_Tracking" --include_path="C:/ti/ccs1110/ccs/tools/compiler/ti-cgt-arm_20.2.5.LTS/include" --advice:power=all --define=__MSP432P401R__ --define=ccs -g --gcc --diag_warning=225 --diag_wrap=off --display_error_number --abi=eabi --preproc_with_compile --preproc_dependency="driverlib/MSP432P4xx/adc14.d_raw" --obj_directory="driverlib/MSP432P4xx"  "../driverlib/MSP432P4xx/adc14.c"
"../driverlib/MSP432P4xx/adc14.c", line 542: remark #2624-D: (ULP 5.4) Detected an assignment to a type with size less than int. To avoid unnecessary sign extension, use int-sized types for local varaibles and convert to smaller types for static storage.
"../driverlib/MSP432P4xx/adc14.c", line 543: remark #2624-D: (ULP 5.4) Detected an assignment to a type with size less than int. To avoid unnecessary sign extension, use int-sized types for local varaibles and convert to smaller types for static storage.
Finished building: "../driverlib/MSP432P4xx/adc14.c"
 
Building file: "../driverlib/MSP432P4xx/crc32.c"
Invoking: ARM Compiler
"C:/ti/ccs1110/ccs/tools/compiler/ti-cgt-arm_20.2.5.LTS/bin/armcl" -mv7M4 --code_state=16 --float_support=FPv4SPD16 -me --include_path="C:/ti/ccs1110/ccs/ccs_base/arm/include" --include_path="C:/ti/Lab/Lab32_Motion_Tracking/course" --include_path="C:/ti/Lab/Lab32_Motion_Tracking/driverlib/MSP432P4xx" --include_path="C:/ti/Lab/Lab32_Motion_Tracking/app" --include_path="C:/ti/ccs1110/ccs/ccs_base/arm/include/CMSIS" --include_path="C:/ti/Lab/Lab32_Motion_Tracking" --include_path="C:/ti/ccs1110/ccs/tools/compiler/ti-cgt-arm_20.2.5.LTS/include" --advice:power=all --define=__MSP432P401R__ --define=ccs -g --gcc --diag_warning=225 --diag_wrap=off --display_error_number --abi=eabi --preproc_with_compile --preproc_dependency="driverlib/MSP432P4xx/crc32.d_raw" --obj_directory="driverlib/MSP432P4xx"  "../driverlib/MSP432P4xx/crc32.c"
Finished building: "../driverlib/MSP432P4xx/crc32.c"
 
Building file: "../driverlib/MSP432P4xx/comp_e.c"
Invoking: ARM Compiler
"C:/ti/ccs1110/ccs/tools/compiler/ti-cgt-arm_20.2.5.LTS/bin/armcl" -mv7M4 --code_state=16 --float_support=FPv4SPD16 -me --include_path="C:/ti/ccs1110/ccs/ccs_base/arm/include" --include_path="C:/ti/Lab/Lab32_Motion_Tracking/course" --include_path="C:/ti/Lab/Lab32_Motion_Tracking/driverlib/MSP432P4xx" --include_path="C:/ti/Lab/Lab32_Motion_Tracking/app" --include_path="C:/ti/ccs1110/ccs/ccs_base/arm/include/CMSIS" --include_path="C:/ti/Lab/Lab32_Motion_Tracking" --include_path="C:/ti/ccs1110/ccs/tools/compiler/ti-cgt-arm_20.2.5.LTS/include" --advice:power=all --define=__MSP432P401R__ --define=ccs -g --gcc --diag_warning=225 --diag_wrap=off --display_error_number --abi=eabi --preproc_with_compile --preproc_dependency="driverlib/MSP432P4xx/comp_e.d_raw" --obj_directory="driverlib/MSP432P4xx"  "../driverlib/MSP432P4xx/comp_e.c"
"../driverlib/MSP432P4xx/aes256.c", line 68: remark #1543-D: (ULP 12.2) Detected for loop with repetitive data transfer. Recommend using DMA
"../driverlib/MSP432P4xx/aes256.c", line 70: remark #2624-D: (ULP 5.4) Detected an assignment to a type with size less than int. To avoid unnecessary sign extension, use int-sized types for local varaibles and convert to smaller types for static storage.
"../driverlib/MSP432P4xx/aes256.c", line 71: remark #2624-D: (ULP 5.4) Detected an assignment to a type with size less than int. To avoid unnecessary sign extension, use int-sized types for local varaibles and convert to smaller types for static storage.
"../driverlib/MSP432P4xx/aes256.c", line 76: remark #1527-D: (ULP 2.1) Detected SW delay loop using empty loop. Recommend using a timer module instead
"../driverlib/MSP432P4xx/aes256.c", line 95: remark #2624-D: (ULP 5.4) Detected an assignment to a type with size less than int. To avoid unnecessary sign extension, use int-sized types for local varaibles and convert to smaller types for static storage.
"../driverlib/MSP432P4xx/aes256.c", line 96: remark #2624-D: (ULP 5.4) Detected an assignment to a type with size less than int. To avoid unnecessary sign extension, use int-sized types for local varaibles and convert to smaller types for static storage.
"../driverlib/MSP432P4xx/aes256.c", line 105: remark #1527-D: (ULP 2.1) Detected SW delay loop using empty loop. Recommend using a timer module instead
"../driverlib/MSP432P4xx/aes256.c", line 130: remark #2624-D: (ULP 5.4) Detected an assignment to a type with size less than int. To avoid unnecessary sign extension, use int-sized types for local varaibles and convert to smaller types for static storage.
"../driverlib/MSP432P4xx/aes256.c", line 131: remark #2624-D: (ULP 5.4) Detected an assignment to a type with size less than int. To avoid unnecessary sign extension, use int-sized types for local varaibles and convert to smaller types for static storage.
"../driverlib/MSP432P4xx/aes256.c", line 140: remark #1527-D: (ULP 2.1) Detected SW delay loop using empty loop. Recommend using a timer module instead
"../driverlib/MSP432P4xx/aes256.c", line 185: remark #2624-D: (ULP 5.4) Detected an assignment to a type with size less than int. To avoid unnecessary sign extension, use int-sized types for local varaibles and convert to smaller types for static storage.
"../driverlib/MSP432P4xx/aes256.c", line 186: remark #2624-D: (ULP 5.4) Detected an assignment to a type with size less than int. To avoid unnecessary sign extension, use int-sized types for local varaibles and convert to smaller types for static storage.
"../driverlib/MSP432P4xx/aes256.c", line 183: remark #2624-D: (ULP 5.4) Detected an assignment to a type with size less than int. To avoid unnecessary sign extension, use int-sized types for local varaibles and convert to smaller types for static storage.
"../driverlib/MSP432P4xx/aes256.c", line 191: remark #1527-D: (ULP 2.1) Detected SW delay loop using empty loop. Recommend using a timer module instead
"../driverlib/MSP432P4xx/aes256.c", line 233: remark #2624-D: (ULP 5.4) Detected an assignment to a type with size less than int. To avoid unnecessary sign extension, use int-sized types for local varaibles and convert to smaller types for static storage.
"../driverlib/MSP432P4xx/aes256.c", line 234: remark #2624-D: (ULP 5.4) Detected an assignment to a type with size less than int. To avoid unnecessary sign extension, use int-sized types for local varaibles and convert to smaller types for static storage.
"../driverlib/MSP432P4xx/aes256.c", line 231: remark #2624-D: (ULP 5.4) Detected an assignment to a type with size less than int. To avoid unnecessary sign extension, use int-sized types for local varaibles and convert to smaller types for static storage.
"../driverlib/MSP432P4xx/aes256.c", line 254: remark #2624-D: (ULP 5.4) Detected an assignment to a type with size less than int. To avoid unnecessary sign extension, use int-sized types for local varaibles and convert to smaller types for static storage.
"../driverlib/MSP432P4xx/aes256.c", line 255: remark #2624-D: (ULP 5.4) Detected an assignment to a type with size less than int. To avoid unnecessary sign extension, use int-sized types for local varaibles and convert to smaller types for static storage.
"../driverlib/MSP432P4xx/aes256.c", line 294: remark #1543-D: (ULP 12.2) Detected for loop with repetitive data transfer. Recommend using DMA
"../driverlib/MSP432P4xx/aes256.c", line 296: remark #2624-D: (ULP 5.4) Detected an assignment to a type with size less than int. To avoid unnecessary sign extension, use int-sized types for local varaibles and convert to smaller types for static storage.
"../driverlib/MSP432P4xx/aes256.c", line 297: remark #2624-D: (ULP 5.4) Detected an assignment to a type with size less than int. To avoid unnecessary sign extension, use int-sized types for local varaibles and convert to smaller types for static storage.
"../driverlib/MSP432P4xx/aes256.c", line 314: remark #2624-D: (ULP 5.4) Detected an assignment to a type with size less than int. To avoid unnecessary sign extension, use int-sized types for local varaibles and convert to smaller types for static storage.
Finished building: "../driverlib/MSP432P4xx/comp_e.c"
 
Building file: "../driverlib/MSP432P4xx/aes256.c"
Invoking: ARM Compiler
"C:/ti/ccs1110/ccs/tools/compiler/ti-cgt-arm_20.2.5.LTS/bin/armcl" -mv7M4 --code_state=16 --float_support=FPv4SPD16 -me --include_path="C:/ti/ccs1110/ccs/ccs_base/arm/include" --include_path="C:/ti/Lab/Lab32_Motion_Tracking/course" --include_path="C:/ti/Lab/Lab32_Motion_Tracking/driverlib/MSP432P4xx" --include_path="C:/ti/Lab/Lab32_Motion_Tracking/app" --include_path="C:/ti/ccs1110/ccs/ccs_base/arm/include/CMSIS" --include_path="C:/ti/Lab/Lab32_Motion_Tracking" --include_path="C:/ti/ccs1110/ccs/tools/compiler/ti-cgt-arm_20.2.5.LTS/include" --advice:power=all --define=__MSP432P401R__ --define=ccs -g --gcc --diag_warning=225 --diag_wrap=off --display_error_number --abi=eabi --preproc_with_compile --preproc_dependency="driverlib/MSP432P4xx/aes256.d_raw" --obj_directory="driverlib/MSP432P4xx"  "../driverlib/MSP432P4xx/aes256.c"
Finished building: "../driverlib/MSP432P4xx/aes256.c"
 
Building file: "../driverlib/MSP432P4xx/dma.c"
Invoking: ARM Compiler
"C:/ti/ccs1110/ccs/tools/compiler/ti-cgt-arm_20.2.5.LTS/bin/armcl" -mv7M4 --code_state=16 --float_support=FPv4SPD16 -me --include_path="C:/ti/ccs1110/ccs/ccs_base/arm/include" --include_path="C:/ti/Lab/Lab32_Motion_Tracking/course" --include_path="C:/ti/Lab/Lab32_Motion_Tracking/driverlib/MSP432P4xx" --include_path="C:/ti/Lab/Lab32_Motion_Tracking/app" --include_path="C:/ti/ccs1110/ccs/ccs_base/arm/include/CMSIS" --include_path="C:/ti/Lab/Lab32_Motion_Tracking" --include_path="C:/ti/ccs1110/ccs/tools/compiler/ti-cgt-arm_20.2.5.LTS/include" --advice:power=all --define=__MSP432P401R__ --define=ccs -g --gcc --diag_warning=225 --diag_wrap=off --display_error_number --abi=eabi --preproc_with_compile --preproc_dependency="driverlib/MSP432P4xx/dma.d_raw" --obj_directory="driverlib/MSP432P4xx"  "../driverlib/MSP432P4xx/dma.c"
Finished building: "../driverlib/MSP432P4xx/dma.c"
 
Building file: "../driverlib/MSP432P4xx/cs.c"
Invoking: ARM Compiler
"C:/ti/ccs1110/ccs/tools/compiler/ti-cgt-arm_20.2.5.LTS/bin/armcl" -mv7M4 --code_state=16 --float_support=FPv4SPD16 -me --include_path="C:/ti/ccs1110/ccs/ccs_base/arm/include" --include_path="C:/ti/Lab/Lab32_Motion_Tracking/course" --include_path="C:/ti/Lab/Lab32_Motion_Tracking/driverlib/MSP432P4xx" --include_path="C:/ti/Lab/Lab32_Motion_Tracking/app" --include_path="C:/ti/ccs1110/ccs/ccs_base/arm/include/CMSIS" --include_path="C:/ti/Lab/Lab32_Motion_Tracking" --include_path="C:/ti/ccs1110/ccs/tools/compiler/ti-cgt-arm_20.2.5.LTS/include" --advice:power=all --define=__MSP432P401R__ --define=ccs -g --gcc --diag_warning=225 --diag_wrap=off --display_error_number --abi=eabi --preproc_with_compile --preproc_dependency="driverlib/MSP432P4xx/cs.d_raw" --obj_directory="driverlib/MSP432P4xx"  "../driverlib/MSP432P4xx/cs.c"
"../driverlib/MSP432P4xx/cs.c", line 234: remark #1527-D: (ULP 2.1) Detected SW delay loop using empty loop. Recommend using a timer module instead
"../driverlib/MSP432P4xx/cs.c", line 243: remark #1527-D: (ULP 2.1) Detected SW delay loop using empty loop. Recommend using a timer module instead
"../driverlib/MSP432P4xx/cs.c", line 253: remark #1527-D: (ULP 2.1) Detected SW delay loop using empty loop. Recommend using a timer module instead
"../driverlib/MSP432P4xx/cs.c", line 261: remark #1527-D: (ULP 2.1) Detected SW delay loop using empty loop. Recommend using a timer module instead
"../driverlib/MSP432P4xx/cs.c", line 270: remark #1527-D: (ULP 2.1) Detected SW delay loop using empty loop. Recommend using a timer module instead
"../driverlib/MSP432P4xx/cs.c", line 278: remark #1527-D: (ULP 2.1) Detected SW delay loop using empty loop. Recommend using a timer module instead
"../driverlib/MSP432P4xx/cs.c", line 287: remark #1527-D: (ULP 2.1) Detected SW delay loop using empty loop. Recommend using a timer module instead
"../driverlib/MSP432P4xx/cs.c", line 295: remark #1527-D: (ULP 2.1) Detected SW delay loop using empty loop. Recommend using a timer module instead
"../driverlib/MSP432P4xx/cs.c", line 305: remark #1527-D: (ULP 2.1) Detected SW delay loop using empty loop. Recommend using a timer module instead
"../driverlib/MSP432P4xx/cs.c", line 319: remark #1527-D: (ULP 2.1) Detected SW delay loop using empty loop. Recommend using a timer module instead
"../driverlib/MSP432P4xx/cs.c", line 355: remark #2624-D: (ULP 5.4) Detected an assignment to a type with size less than int. To avoid unnecessary sign extension, use int-sized types for local varaibles and convert to smaller types for static storage.
"../driverlib/MSP432P4xx/cs.c", line 421: remark #2624-D: (ULP 5.4) Detected an assignment to a type with size less than int. To avoid unnecessary sign extension, use int-sized types for local varaibles and convert to smaller types for static storage.
"../driverlib/MSP432P4xx/cs.c", line 423: remark #2624-D: (ULP 5.4) Detected an assignment to a type with size less than int. To avoid unnecessary sign extension, use int-sized types for local varaibles and convert to smaller types for static storage.
"../driverlib/MSP432P4xx/cs.c", line 424: remark #2624-D: (ULP 5.4) Detected an assignment to a type with size less than int. To avoid unnecessary sign extension, use int-sized types for local varaibles and convert to smaller types for static storage.
"../driverlib/MSP432P4xx/cs.c", line 630: remark #2624-D: (ULP 5.4) Detected an assignment to a type with size less than int. To avoid unnecessary sign extension, use int-sized types for local varaibles and convert to smaller types for static storage.
"../driverlib/MSP432P4xx/cs.c", line 633: remark #2624-D: (ULP 5.4) Detected an assignment to a type with size less than int. To avoid unnecessary sign extension, use int-sized types for local varaibles and convert to smaller types for static storage.
"../driverlib/MSP432P4xx/cs.c", line 638: remark #2624-D: (ULP 5.4) Detected an assignment to a type with size less than int. To avoid unnecessary sign extension, use int-sized types for local varaibles and convert to smaller types for static storage.
"../driverlib/MSP432P4xx/cs.c", line 641: remark #2624-D: (ULP 5.4) Detected an assignment to a type with size less than int. To avoid unnecessary sign extension, use int-sized types for local varaibles and convert to smaller types for static storage.
Finished building: "../driverlib/MSP432P4xx/cs.c"
 
Building file: "../driverlib/MSP432P4xx/fpu.c"
Invoking: ARM Compiler
"C:/ti/ccs1110/ccs/tools/compiler/ti-cgt-arm_20.2.5.LTS/bin/armcl" -mv7M4 --code_state=16 --float_support=FPv4SPD16 -me --include_path="C:/ti/ccs1110/ccs/ccs_base/arm/include" --include_path="C:/ti/Lab/Lab32_Motion_Tracking/course" --include_path="C:/ti/Lab/Lab32_Motion_Tracking/driverlib/MSP432P4xx" --include_path="C:/ti/Lab/Lab32_Motion_Tracking/app" --include_path="C:/ti/ccs1110/ccs/ccs_base/arm/include/CMSIS" --include_path="C:/ti/Lab/Lab32_Motion_Tracking" --include_path="C:/ti/ccs1110/ccs/tools/compiler/ti-cgt-arm_20.2.5.LTS/include" --advice:power=all --define=__MSP432P401R__ --define=ccs -g --gcc --diag_warning=225 --diag_wrap=off --display_error_number --abi=eabi --preproc_with_compile --preproc_dependency="driverlib/MSP432P4xx/fpu.d_raw" --obj_directory="driverlib/MSP432P4xx"  "../driverlib/MSP432P4xx/fpu.c"
Finished building: "../driverlib/MSP432P4xx/fpu.c"
 
Building file: "../driverlib/MSP432P4xx/mpu.c"
Invoking: ARM Compiler
"C:/ti/ccs1110/ccs/tools/compiler/ti-cgt-arm_20.2.5.LTS/bin/armcl" -mv7M4 --code_state=16 --float_support=FPv4SPD16 -me --include_path="C:/ti/ccs1110/ccs/ccs_base/arm/include" --include_path="C:/ti/Lab/Lab32_Motion_Tracking/course" --include_path="C:/ti/Lab/Lab32_Motion_Tracking/driverlib/MSP432P4xx" --include_path="C:/ti/Lab/Lab32_Motion_Tracking/app" --include_path="C:/ti/ccs1110/ccs/ccs_base/arm/include/CMSIS" --include_path="C:/ti/Lab/Lab32_Motion_Tracking" --include_path="C:/ti/ccs1110/ccs/tools/compiler/ti-cgt-arm_20.2.5.LTS/include" --advice:power=all --define=__MSP432P401R__ --define=ccs -g --gcc --diag_warning=225 --diag_wrap=off --display_error_number --abi=eabi --preproc_with_compile --preproc_dependency="driverlib/MSP432P4xx/mpu.d_raw" --obj_directory="driverlib/MSP432P4xx"  "../driverlib/MSP432P4xx/mpu.c"
Finished building: "../driverlib/MSP432P4xx/mpu.c"
 
Building file: "../driverlib/MSP432P4xx/interrupt.c"
Invoking: ARM Compiler
"C:/ti/ccs1110/ccs/tools/compiler/ti-cgt-arm_20.2.5.LTS/bin/armcl" -mv7M4 --code_state=16 --float_support=FPv4SPD16 -me --include_path="C:/ti/ccs1110/ccs/ccs_base/arm/include" --include_path="C:/ti/Lab/Lab32_Motion_Tracking/course" --include_path="C:/ti/Lab/Lab32_Motion_Tracking/driverlib/MSP432P4xx" --include_path="C:/ti/Lab/Lab32_Motion_Tracking/app" --include_path="C:/ti/ccs1110/ccs/ccs_base/arm/include/CMSIS" --include_path="C:/ti/Lab/Lab32_Motion_Tracking" --include_path="C:/ti/ccs1110/ccs/tools/compiler/ti-cgt-arm_20.2.5.LTS/include" --advice:power=all --define=__MSP432P401R__ --define=ccs -g --gcc --diag_warning=225 --diag_wrap=off --display_error_number --abi=eabi --preproc_with_compile --preproc_dependency="driverlib/MSP432P4xx/interrupt.d_raw" --obj_directory="driverlib/MSP432P4xx"  "../driverlib/MSP432P4xx/interrupt.c"
"../driverlib/MSP432P4xx/interrupt.c", line 127: remark #1527-D: (ULP 2.1) Detected SW delay loop using empty loop. Recommend using a timer module instead
Finished building: "../driverlib/MSP432P4xx/interrupt.c"
 
Building file: "../driverlib/MSP432P4xx/gpio.c"
Invoking: ARM Compiler
"C:/ti/ccs1110/ccs/tools/compiler/ti-cgt-arm_20.2.5.LTS/bin/armcl" -mv7M4 --code_state=16 --float_support=FPv4SPD16 -me --include_path="C:/ti/ccs1110/ccs/ccs_base/arm/include" --include_path="C:/ti/Lab/Lab32_Motion_Tracking/course" --include_path="C:/ti/Lab/Lab32_Motion_Tracking/driverlib/MSP432P4xx" --include_path="C:/ti/Lab/Lab32_Motion_Tracking/app" --include_path="C:/ti/ccs1110/ccs/ccs_base/arm/include/CMSIS" --include_path="C:/ti/Lab/Lab32_Motion_Tracking" --include_path="C:/ti/ccs1110/ccs/tools/compiler/ti-cgt-arm_20.2.5.LTS/include" --advice:power=all --define=__MSP432P401R__ --define=ccs -g --gcc --diag_warning=225 --diag_wrap=off --display_error_number --abi=eabi --preproc_with_compile --preproc_dependency="driverlib/MSP432P4xx/gpio.d_raw" --obj_directory="driverlib/MSP432P4xx"  "../driverlib/MSP432P4xx/gpio.c"
Finished building: "../driverlib/MSP432P4xx/gpio.c"
 
Building file: "../driverlib/MSP432P4xx/pmap.c"
Invoking: ARM Compiler
"C:/ti/ccs1110/ccs/tools/compiler/ti-cgt-arm_20.2.5.LTS/bin/armcl" -mv7M4 --code_state=16 --float_support=FPv4SPD16 -me --include_path="C:/ti/ccs1110/ccs/ccs_base/arm/include" --include_path="C:/ti/Lab/Lab32_Motion_Tracking/course" --include_path="C:/ti/Lab/Lab32_Motion_Tracking/driverlib/MSP432P4xx" --include_path="C:/ti/Lab/Lab32_Motion_Tracking/app" --include_path="C:/ti/ccs1110/ccs/ccs_base/arm/include/CMSIS" --include_path="C:/ti/Lab/Lab32_Motion_Tracking" --include_path="C:/ti/ccs1110/ccs/tools/compiler/ti-cgt-arm_20.2.5.LTS/include" --advice:power=all --define=__MSP432P401R__ --define=ccs -g --gcc --diag_warning=225 --diag_wrap=off --display_error_number --abi=eabi --preproc_with_compile --preproc_dependency="driverlib/MSP432P4xx/pmap.d_raw" --obj_directory="driverlib/MSP432P4xx"  "../driverlib/MSP432P4xx/pmap.c"
"../driverlib/MSP432P4xx/pmap.c", line 58: remark #1543-D: (ULP 12.2) Detected for loop with repetitive data transfer. Recommend using DMA
Finished building: "../driverlib/MSP432P4xx/pmap.c"
 
Building file: "../driverlib/MSP432P4xx/i2c.c"
Invoking: ARM Compiler
"C:/ti/ccs1110/ccs/tools/compiler/ti-cgt-arm_20.2.5.LTS/bin/armcl" -mv7M4 --code_state=16 --float_support=FPv4SPD16 -me --include_path="C:/ti/ccs1110/ccs/ccs_base/arm/include" --include_path="C:/ti/Lab/Lab32_Motion_Tracking/course" --include_path="C:/ti/Lab/Lab32_Motion_Tracking/driverlib/MSP432P4xx" --include_path="C:/ti/Lab/Lab32_Motion_Tracking/app" --include_path="C:/ti/ccs1110/ccs/ccs_base/arm/include/CMSIS" --include_path="C:/ti/Lab/Lab32_Motion_Tracking" --include_path="C:/ti/ccs1110/ccs/tools/compiler/ti-cgt-arm_20.2.5.LTS/include" --advice:power=all --define=__MSP432P401R__ --define=ccs -g --gcc --diag_warning=225 --diag_wrap=off --display_error_number --abi=eabi --preproc_with_compile --preproc_dependency="driverlib/MSP432P4xx/i2c.d_raw" --obj_directory="driverlib/MSP432P4xx"  "../driverlib/MSP432P4xx/i2c.c"
"../driverlib/MSP432P4xx/i2c.c", line 163: remark #1527-D: (ULP 2.1) Detected SW delay loop using empty loop. Recommend using a timer module instead
"../driverlib/MSP432P4xx/i2c.c", line 201: remark #1528-D: (ULP 3.1) Detected flag polling using EUSCI_B_IFG_TXIFG. Recommend using an interrupt combined with enter LPMx and ISR
"../driverlib/MSP432P4xx/i2c.c", line 208: remark #1528-D: (ULP 3.1) Detected flag polling using EUSCI_B_IFG_TXIFG. Recommend using an interrupt combined with enter LPMx and ISR
"../driverlib/MSP432P4xx/i2c.c", line 239: remark #1528-D: (ULP 3.1) Detected flag polling using EUSCI_B_IFG_TXIFG. Recommend using an interrupt combined with enter LPMx and ISR
"../driverlib/MSP432P4xx/i2c.c", line 250: remark #1527-D: (ULP 2.1) Detected SW delay loop using empty loop. Recommend using a timer module instead
"../driverlib/MSP432P4xx/i2c.c", line 282: remark #1527-D: (ULP 2.1) Detected SW delay loop using empty loop. Recommend using a timer module instead
"../driverlib/MSP432P4xx/i2c.c", line 309: remark #1527-D: (ULP 2.1) Detected SW delay loop using empty loop. Recommend using a timer module instead
"../driverlib/MSP432P4xx/i2c.c", line 332: remark #1527-D: (ULP 2.1) Detected SW delay loop using empty loop. Recommend using a timer module instead
"../driverlib/MSP432P4xx/i2c.c", line 349: remark #1527-D: (ULP 2.1) Detected SW delay loop using empty loop. Recommend using a timer module instead
"../driverlib/MSP432P4xx/i2c.c", line 370: remark #1527-D: (ULP 2.1) Detected SW delay loop using empty loop. Recommend using a timer module instead
"../driverlib/MSP432P4xx/i2c.c", line 379: remark #1527-D: (ULP 2.1) Detected SW delay loop using empty loop. Recommend using a timer module instead
"../driverlib/MSP432P4xx/i2c.c", line 397: remark #1527-D: (ULP 2.1) Detected SW delay loop using empty loop. Recommend using a timer module instead
"../driverlib/MSP432P4xx/i2c.c", line 410: remark #1527-D: (ULP 2.1) Detected SW delay loop using empty loop. Recommend using a timer module instead
"../driverlib/MSP432P4xx/i2c.c", line 430: remark #1527-D: (ULP 2.1) Detected SW delay loop using empty loop. Recommend using a timer module instead
"../driverlib/MSP432P4xx/i2c.c", line 448: remark #1527-D: (ULP 2.1) Detected SW delay loop using empty loop. Recommend using a timer module instead
"../driverlib/MSP432P4xx/i2c.c", line 483: remark #1527-D: (ULP 2.1) Detected SW delay loop using empty loop. Recommend using a timer module instead
"../driverlib/MSP432P4xx/i2c.c", line 486: remark #1527-D: (ULP 2.1) Detected SW delay loop using empty loop. Recommend using a timer module instead
"../driverlib/MSP432P4xx/i2c.c", line 506: remark #1527-D: (ULP 2.1) Detected SW delay loop using empty loop. Recommend using a timer module instead
"../driverlib/MSP432P4xx/i2c.c", line 515: remark #1527-D: (ULP 2.1) Detected SW delay loop using empty loop. Recommend using a timer module instead
"../driverlib/MSP432P4xx/i2c.c", line 541: remark #1527-D: (ULP 2.1) Detected SW delay loop using empty loop. Recommend using a timer module instead
Finished building: "../driverlib/MSP432P4xx/i2c.c"
 
Building file: "../driverlib/MSP432P4xx/flash.c"
Invoking: ARM Compiler
"C:/ti/ccs1110/ccs/tools/compiler/ti-cgt-arm_20.2.5.LTS/bin/armcl" -mv7M4 --code_state=16 --float_support=FPv4SPD16 -me --include_path="C:/ti/ccs1110/ccs/ccs_base/arm/include" --include_path="C:/ti/Lab/Lab32_Motion_Tracking/course" --include_path="C:/ti/Lab/Lab32_Motion_Tracking/driverlib/MSP432P4xx" --include_path="C:/ti/Lab/Lab32_Motion_Tracking/app" --include_path="C:/ti/ccs1110/ccs/ccs_base/arm/include/CMSIS" --include_path="C:/ti/Lab/Lab32_Motion_Tracking" --include_path="C:/ti/ccs1110/ccs/tools/compiler/ti-cgt-arm_20.2.5.LTS/include" --advice:power=all --define=__MSP432P401R__ --define=ccs -g --gcc --diag_warning=225 --diag_wrap=off --display_error_number --abi=eabi --preproc_with_compile --preproc_dependency="driverlib/MSP432P4xx/flash.d_raw" --obj_directory="driverlib/MSP432P4xx"  "../driverlib/MSP432P4xx/flash.c"
"../driverlib/MSP432P4xx/flash.c", line 725: remark #1527-D: (ULP 2.1) Detected SW delay loop using empty loop. Recommend using a timer module instead
"../driverlib/MSP432P4xx/flash.c", line 732: remark #1527-D: (ULP 2.1) Detected SW delay loop using empty loop. Recommend using a timer module instead
"../driverlib/MSP432P4xx/flash.c", line 1300: remark #2624-D: (ULP 5.4) Detected an assignment to a type with size less than int. To avoid unnecessary sign extension, use int-sized types for local varaibles and convert to smaller types for static storage.
"../driverlib/MSP432P4xx/flash.c", line 1337: remark #2624-D: (ULP 5.4) Detected an assignment to a type with size less than int. To avoid unnecessary sign extension, use int-sized types for local varaibles and convert to smaller types for static storage.
"../driverlib/MSP432P4xx/flash.c", line 50: remark #1534-D: (ULP 7.1) Detected use of global variable "MAX_ERASE_NO_TLV" within one function "FlashCtl_eraseSector". Recommend placing variable in the function locally
"../driverlib/MSP432P4xx/flash.c", line 51: remark #1534-D: (ULP 7.1) Detected use of global variable "MAX_PROGRAM_NO_TLV" within one function "FlashCtl_programMemory". Recommend placing variable in the function locally
Finished building: "../driverlib/MSP432P4xx/flash.c"
 
Building file: "../driverlib/MSP432P4xx/pss.c"
Invoking: ARM Compiler
"C:/ti/ccs1110/ccs/tools/compiler/ti-cgt-arm_20.2.5.LTS/bin/armcl" -mv7M4 --code_state=16 --float_support=FPv4SPD16 -me --include_path="C:/ti/ccs1110/ccs/ccs_base/arm/include" --include_path="C:/ti/Lab/Lab32_Motion_Tracking/course" --include_path="C:/ti/Lab/Lab32_Motion_Tracking/driverlib/MSP432P4xx" --include_path="C:/ti/Lab/Lab32_Motion_Tracking/app" --include_path="C:/ti/ccs1110/ccs/ccs_base/arm/include/CMSIS" --include_path="C:/ti/Lab/Lab32_Motion_Tracking" --include_path="C:/ti/ccs1110/ccs/tools/compiler/ti-cgt-arm_20.2.5.LTS/include" --advice:power=all --define=__MSP432P401R__ --define=ccs -g --gcc --diag_warning=225 --diag_wrap=off --display_error_number --abi=eabi --preproc_with_compile --preproc_dependency="driverlib/MSP432P4xx/pss.d_raw" --obj_directory="driverlib/MSP432P4xx"  "../driverlib/MSP432P4xx/pss.c"
Finished building: "../driverlib/MSP432P4xx/pss.c"
 
Building file: "../driverlib/MSP432P4xx/pcm.c"
Invoking: ARM Compiler
"C:/ti/ccs1110/ccs/tools/compiler/ti-cgt-arm_20.2.5.LTS/bin/armcl" -mv7M4 --code_state=16 --float_support=FPv4SPD16 -me --include_path="C:/ti/ccs1110/ccs/ccs_base/arm/include" --include_path="C:/ti/Lab/Lab32_Motion_Tracking/course" --include_path="C:/ti/Lab/Lab32_Motion_Tracking/driverlib/MSP432P4xx" --include_path="C:/ti/Lab/Lab32_Motion_Tracking/app" --include_path="C:/ti/ccs1110/ccs/ccs_base/arm/include/CMSIS" --include_path="C:/ti/Lab/Lab32_Motion_Tracking" --include_path="C:/ti/ccs1110/ccs/tools/compiler/ti-cgt-arm_20.2.5.LTS/include" --advice:power=all --define=__MSP432P401R__ --define=ccs -g --gcc --diag_warning=225 --diag_wrap=off --display_error_number --abi=eabi --preproc_with_compile --preproc_dependency="driverlib/MSP432P4xx/pcm.d_raw" --obj_directory="driverlib/MSP432P4xx"  "../driverlib/MSP432P4xx/pcm.c"
"../driverlib/MSP432P4xx/pcm.c", line 61: remark #2624-D: (ULP 5.4) Detected an assignment to a type with size less than int. To avoid unnecessary sign extension, use int-sized types for local varaibles and convert to smaller types for static storage.
"../driverlib/MSP432P4xx/pcm.c", line 215: remark #2624-D: (ULP 5.4) Detected an assignment to a type with size less than int. To avoid unnecessary sign extension, use int-sized types for local varaibles and convert to smaller types for static storage.
Finished building: "../driverlib/MSP432P4xx/pcm.c"
 
Building file: "../driverlib/MSP432P4xx/ref_a.c"
Invoking: ARM Compiler
"C:/ti/ccs1110/ccs/tools/compiler/ti-cgt-arm_20.2.5.LTS/bin/armcl" -mv7M4 --code_state=16 --float_support=FPv4SPD16 -me --include_path="C:/ti/ccs1110/ccs/ccs_base/arm/include" --include_path="C:/ti/Lab/Lab32_Motion_Tracking/course" --include_path="C:/ti/Lab/Lab32_Motion_Tracking/driverlib/MSP432P4xx" --include_path="C:/ti/Lab/Lab32_Motion_Tracking/app" --include_path="C:/ti/ccs1110/ccs/ccs_base/arm/include/CMSIS" --include_path="C:/ti/Lab/Lab32_Motion_Tracking" --include_path="C:/ti/ccs1110/ccs/tools/compiler/ti-cgt-arm_20.2.5.LTS/include" --advice:power=all --define=__MSP432P401R__ --define=ccs -g --gcc --diag_warning=225 --diag_wrap=off --display_error_number --abi=eabi --preproc_with_compile --preproc_dependency="driverlib/MSP432P4xx/ref_a.d_raw" --obj_directory="driverlib/MSP432P4xx"  "../driverlib/MSP432P4xx/ref_a.c"
Finished building: "../driverlib/MSP432P4xx/ref_a.c"
 
Building file: "../driverlib/MSP432P4xx/reset.c"
Invoking: ARM Compiler
"C:/ti/ccs1110/ccs/tools/compiler/ti-cgt-arm_20.2.5.LTS/bin/armcl" -mv7M4 --code_state=16 --float_support=FPv4SPD16 -me --include_path="C:/ti/ccs1110/ccs/ccs_base/arm/include" --include_path="C:/ti/Lab/Lab32_Motion_Tracking/course" --include_path="C:/ti/Lab/Lab32_Motion_Tracking/driverlib/MSP432P4xx" --include_path="C:/ti/Lab/Lab32_Motion_Tracking/app" --include_path="C:/ti/ccs1110/ccs/ccs_base/arm/include/CMSIS" --include_path="C:/ti/Lab/Lab32_Motion_Tracking" --include_path="C:/ti/ccs1110/ccs/tools/compiler/ti-cgt-arm_20.2.5.LTS/include" --advice:power=all --define=__MSP432P401R__ --define=ccs -g --gcc --diag_warning=225 --diag_wrap=off --display_error_number --abi=eabi --preproc_with_compile --preproc_dependency="driverlib/MSP432P4xx/reset.d_raw" --obj_directory="driverlib/MSP432P4xx"  "../driverlib/MSP432P4xx/reset.c"
Finished building: "../driverlib/MSP432P4xx/reset.c"
 
Building file: "../driverlib/MSP432P4xx/rtc_c.c"
Invoking: ARM Compiler
"C:/ti/ccs1110/ccs/tools/compiler/ti-cgt-arm_20.2.5.LTS/bin/armcl" -mv7M4 --code_state=16 --float_support=FPv4SPD16 -me --include_path="C:/ti/ccs1110/ccs/ccs_base/arm/include" --include_path="C:/ti/Lab/Lab32_Motion_Tracking/course" --include_path="C:/ti/Lab/Lab32_Motion_Tracking/driverlib/MSP432P4xx" --include_path="C:/ti/Lab/Lab32_Motion_Tracking/app" --include_path="C:/ti/ccs1110/ccs/ccs_base/arm/include/CMSIS" --include_path="C:/ti/Lab/Lab32_Motion_Tracking" --include_path="C:/ti/ccs1110/ccs/tools/compiler/ti-cgt-arm_20.2.5.LTS/include" --advice:power=all --define=__MSP432P401R__ --define=ccs -g --gcc --diag_warning=225 --diag_wrap=off --display_error_number --abi=eabi --preproc_with_compile --preproc_dependency="driverlib/MSP432P4xx/rtc_c.d_raw" --obj_directory="driverlib/MSP432P4xx"  "../driverlib/MSP432P4xx/rtc_c.c"
"../driverlib/MSP432P4xx/rtc_c.c", line 74: remark #1527-D: (ULP 2.1) Detected SW delay loop using empty loop. Recommend using a timer module instead
"../driverlib/MSP432P4xx/rtc_c.c", line 109: remark #1527-D: (ULP 2.1) Detected SW delay loop using empty loop. Recommend using a timer module instead
Finished building: "../driverlib/MSP432P4xx/rtc_c.c"
 
Building file: "../driverlib/MSP432P4xx/systick.c"
Invoking: ARM Compiler
"C:/ti/ccs1110/ccs/tools/compiler/ti-cgt-arm_20.2.5.LTS/bin/armcl" -mv7M4 --code_state=16 --float_support=FPv4SPD16 -me --include_path="C:/ti/ccs1110/ccs/ccs_base/arm/include" --include_path="C:/ti/Lab/Lab32_Motion_Tracking/course" --include_path="C:/ti/Lab/Lab32_Motion_Tracking/driverlib/MSP432P4xx" --include_path="C:/ti/Lab/Lab32_Motion_Tracking/app" --include_path="C:/ti/ccs1110/ccs/ccs_base/arm/include/CMSIS" --include_path="C:/ti/Lab/Lab32_Motion_Tracking" --include_path="C:/ti/ccs1110/ccs/tools/compiler/ti-cgt-arm_20.2.5.LTS/include" --advice:power=all --define=__MSP432P401R__ --define=ccs -g --gcc --diag_warning=225 --diag_wrap=off --display_error_number --abi=eabi --preproc_with_compile --preproc_dependency="driverlib/MSP432P4xx/systick.d_raw" --obj_directory="driverlib/MSP432P4xx"  "../driverlib/MSP432P4xx/systick.c"
Finished building: "../driverlib/MSP432P4xx/systick.c"
 
Building file: "../driverlib/MSP432P4xx/sysctl.c"
Invoking: ARM Compiler
"C:/ti/ccs1110/ccs/tools/compiler/ti-cgt-arm_20.2.5.LTS/bin/armcl" -mv7M4 --code_state=16 --float_support=FPv4SPD16 -me --include_path="C:/ti/ccs1110/ccs/ccs_base/arm/include" --include_path="C:/ti/Lab/Lab32_Motion_Tracking/course" --include_path="C:/ti/Lab/Lab32_Motion_Tracking/driverlib/MSP432P4xx" --include_path="C:/ti/Lab/Lab32_Motion_Tracking/app" --include_path="C:/ti/ccs1110/ccs/ccs_base/arm/include/CMSIS" --include_path="C:/ti/Lab/Lab32_Motion_Tracking" --include_path="C:/ti/ccs1110/ccs/tools/compiler/ti-cgt-arm_20.2.5.LTS/include" --advice:power=all --define=__MSP432P401R__ --define=ccs -g --gcc --diag_warning=225 --diag_wrap=off --display_error_number --abi=eabi --preproc_with_compile --preproc_dependency="driverlib/MSP432P4xx/sysctl.d_raw" --obj_directory="driverlib/MSP432P4xx"  "../driverlib/MSP432P4xx/sysctl.c"
"../driverlib/MSP432P4xx/sysctl.c", line 157: remark #1527-D: (ULP 2.1) Detected SW delay loop using empty loop. Recommend using a timer module instead
"../driverlib/MSP432P4xx/sysctl.c", line 168: remark #1527-D: (ULP 2.1) Detected SW delay loop using empty loop. Recommend using a timer module instead
"../driverlib/MSP432P4xx/sysctl.c", line 212: remark #1527-D: (ULP 2.1) Detected SW delay loop using empty loop. Recommend using a timer module instead
"../driverlib/MSP432P4xx/sysctl.c", line 223: remark #1527-D: (ULP 2.1) Detected SW delay loop using empty loop. Recommend using a timer module instead
Finished building: "../driverlib/MSP432P4xx/sysctl.c"
 
Building file: "../driverlib/MSP432P4xx/timer32.c"
Invoking: ARM Compiler
"C:/ti/ccs1110/ccs/tools/compiler/ti-cgt-arm_20.2.5.LTS/bin/armcl" -mv7M4 --code_state=16 --float_support=FPv4SPD16 -me --include_path="C:/ti/ccs1110/ccs/ccs_base/arm/include" --include_path="C:/ti/Lab/Lab32_Motion_Tracking/course" --include_path="C:/ti/Lab/Lab32_Motion_Tracking/driverlib/MSP432P4xx" --include_path="C:/ti/Lab/Lab32_Motion_Tracking/app" --include_path="C:/ti/ccs1110/ccs/ccs_base/arm/include/CMSIS" --include_path="C:/ti/Lab/Lab32_Motion_Tracking" --include_path="C:/ti/ccs1110/ccs/tools/compiler/ti-cgt-arm_20.2.5.LTS/include" --advice:power=all --define=__MSP432P401R__ --define=ccs -g --gcc --diag_warning=225 --diag_wrap=off --display_error_number --abi=eabi --preproc_with_compile --preproc_dependency="driverlib/MSP432P4xx/timer32.d_raw" --obj_directory="driverlib/MSP432P4xx"  "../driverlib/MSP432P4xx/timer32.c"
Finished building: "../driverlib/MSP432P4xx/timer32.c"
 
Building file: "../driverlib/MSP432P4xx/spi.c"
Invoking: ARM Compiler
"C:/ti/ccs1110/ccs/tools/compiler/ti-cgt-arm_20.2.5.LTS/bin/armcl" -mv7M4 --code_state=16 --float_support=FPv4SPD16 -me --include_path="C:/ti/ccs1110/ccs/ccs_base/arm/include" --include_path="C:/ti/Lab/Lab32_Motion_Tracking/course" --include_path="C:/ti/Lab/Lab32_Motion_Tracking/driverlib/MSP432P4xx" --include_path="C:/ti/Lab/Lab32_Motion_Tracking/app" --include_path="C:/ti/ccs1110/ccs/ccs_base/arm/include/CMSIS" --include_path="C:/ti/Lab/Lab32_Motion_Tracking" --include_path="C:/ti/ccs1110/ccs/tools/compiler/ti-cgt-arm_20.2.5.LTS/include" --advice:power=all --define=__MSP432P401R__ --define=ccs -g --gcc --diag_warning=225 --diag_wrap=off --display_error_number --abi=eabi --preproc_with_compile --preproc_dependency="driverlib/MSP432P4xx/spi.d_raw" --obj_directory="driverlib/MSP432P4xx"  "../driverlib/MSP432P4xx/spi.c"
Finished building: "../driverlib/MSP432P4xx/spi.c"
 
Building file: "../driverlib/MSP432P4xx/wdt_a.c"
Invoking: ARM Compiler
"C:/ti/ccs1110/ccs/tools/compiler/ti-cgt-arm_20.2.5.LTS/bin/armcl" -mv7M4 --code_state=16 --float_support=FPv4SPD16 -me --include_path="C:/ti/ccs1110/ccs/ccs_base/arm/include" --include_path="C:/ti/Lab/Lab32_Motion_Tracking/course" --include_path="C:/ti/Lab/Lab32_Motion_Tracking/driverlib/MSP432P4xx" --include_path="C:/ti/Lab/Lab32_Motion_Tracking/app" --include_path="C:/ti/ccs1110/ccs/ccs_base/arm/include/CMSIS" --include_path="C:/ti/Lab/Lab32_Motion_Tracking" --include_path="C:/ti/ccs1110/ccs/tools/compiler/ti-cgt-arm_20.2.5.LTS/include" --advice:power=all --define=__MSP432P401R__ --define=ccs -g --gcc --diag_warning=225 --diag_wrap=off --display_error_number --abi=eabi --preproc_with_compile --preproc_dependency="driverlib/MSP432P4xx/wdt_a.d_raw" --obj_directory="driverlib/MSP432P4xx"  "../driverlib/MSP432P4xx/wdt_a.c"
Finished building: "../driverlib/MSP432P4xx/wdt_a.c"
 
Building file: "../driverlib/MSP432P4xx/uart.c"
Invoking: ARM Compiler
"C:/ti/ccs1110/ccs/tools/compiler/ti-cgt-arm_20.2.5.LTS/bin/armcl" -mv7M4 --code_state=16 --float_support=FPv4SPD16 -me --include_path="C:/ti/ccs1110/ccs/ccs_base/arm/include" --include_path="C:/ti/Lab/Lab32_Motion_Tracking/course" --include_path="C:/ti/Lab/Lab32_Motion_Tracking/driverlib/MSP432P4xx" --include_path="C:/ti/Lab/Lab32_Motion_Tracking/app" --include_path="C:/ti/ccs1110/ccs/ccs_base/arm/include/CMSIS" --include_path="C:/ti/Lab/Lab32_Motion_Tracking" --include_path="C:/ti/ccs1110/ccs/tools/compiler/ti-cgt-arm_20.2.5.LTS/include" --advice:power=all --define=__MSP432P401R__ --define=ccs -g --gcc --diag_warning=225 --diag_wrap=off --display_error_number --abi=eabi --preproc_with_compile --preproc_dependency="driverlib/MSP432P4xx/uart.d_raw" --obj_directory="driverlib/MSP432P4xx"  "../driverlib/MSP432P4xx/uart.c"
"../driverlib/MSP432P4xx/uart.c", line 127: remark #1527-D: (ULP 2.1) Detected SW delay loop using empty loop. Recommend using a timer module instead
"../driverlib/MSP432P4xx/uart.c", line 137: remark #1527-D: (ULP 2.1) Detected SW delay loop using empty loop. Recommend using a timer module instead
"../driverlib/MSP432P4xx/uart.c", line 205: remark #1527-D: (ULP 2.1) Detected SW delay loop using empty loop. Recommend using a timer module instead
Finished building: "../driverlib/MSP432P4xx/uart.c"
 
Building file: "../driverlib/MSP432P4xx/timer_a.c"
Invoking: ARM Compiler
"C:/ti/ccs1110/ccs/tools/compiler/ti-cgt-arm_20.2.5.LTS/bin/armcl" -mv7M4 --code_state=16 --float_support=FPv4SPD16 -me --include_path="C:/ti/ccs1110/ccs/ccs_base/arm/include" --include_path="C:/ti/Lab/Lab32_Motion_Tracking/course" --include_path="C:/ti/Lab/Lab32_Motion_Tracking/driverlib/MSP432P4xx" --include_path="C:/ti/Lab/Lab32_Motion_Tracking/app" --include_path="C:/ti/ccs1110/ccs/ccs_base/arm/include/CMSIS" --include_path="C:/ti/Lab/Lab32_Motion_Tracking" --include_path="C:/ti/ccs1110/ccs/tools/compiler/ti-cgt-arm_20.2.5.LTS/include" --advice:power=all --define=__MSP432P401R__ --define=ccs -g --gcc --diag_warning=225 --diag_wrap=off --display_error_number --abi=eabi --preproc_with_compile --preproc_dependency="driverlib/MSP432P4xx/timer_a.d_raw" --obj_directory="driverlib/MSP432P4xx"  "../driverlib/MSP432P4xx/timer_a.c"
Finished building: "../driverlib/MSP432P4xx/timer_a.c"
 
Building target: "Lab32_Motion_Tracking.out"
Invoking: ARM Linker
"C:/ti/ccs1110/ccs/tools/compiler/ti-cgt-arm_20.2.5.LTS/bin/armcl" -mv7M4 --code_state=16 --float_support=FPv4SPD16 -me --advice:power=all --define=__MSP432P401R__ --define=ccs -g --gcc --diag_warning=225 --diag_wrap=off --display_error_number --abi=eabi -z -m"Lab32_Motion_Tracking.map" --heap_size=1024 --stack_size=512 -i"C:/ti/ccs1110/ccs/ccs_base/arm/include" -i"C:/ti/ccs1110/ccs/tools/compiler/ti-cgt-arm_20.2.5.LTS/lib" -i"C:/ti/ccs1110/ccs/tools/compiler/ti-cgt-arm_20.2.5.LTS/include" --reread_libs --diag_wrap=off --display_error_number --warn_sections --xml_link_info="Lab32_Motion_Tracking_linkInfo.xml" --rom_model -o "Lab32_Motion_Tracking.out" "./ICM20948_driver.obj" "./i2c_driver.obj" "./main.obj" "./startup_msp432p401r_ccs.obj" "./system_msp432p401r.obj" "./app/uart3_cmd.obj" "./course/Clock.obj" "./course/UART0.obj" "./driverlib/MSP432P4xx/adc14.obj" "./driverlib/MSP432P4xx/aes256.obj" "./driverlib/MSP432P4xx/comp_e.obj" "./driverlib/MSP432P4xx/cpu.obj" "./driverlib/MSP432P4xx/crc32.obj" "./driverlib/MSP432P4xx/cs.obj" "./driverlib/MSP432P4xx/dma.obj" "./driverlib/MSP432P4xx/flash.obj" "./driverlib/MSP432P4xx/fpu.obj" "./driverlib/MSP432P4xx/gpio.obj" "./driverlib/MSP432P4xx/i2c.obj" "./driverlib/MSP432P4xx/interrupt.obj" "./driverlib/MSP432P4xx/mpu.obj" "./driverlib/MSP432P4xx/pcm.obj" "./driverlib/MSP432P4xx/pmap.obj" "./driverlib/MSP432P4xx/pss.obj" "./driverlib/MSP432P4xx/ref_a.obj" "./driverlib/MSP432P4xx/reset.obj" "./driverlib/MSP432P4xx/rtc_c.obj" "./driverlib/MSP432P4xx/spi.obj" "./driverlib/MSP432P4xx/sysctl.obj" "./driverlib/MSP432P4xx/systick.obj" "./driverlib/MSP432P4xx/timer32.obj" "./driverlib/MSP432P4xx/timer_a.obj" "./driverlib/MSP432P4xx/uart.obj" "./driverlib/MSP432P4xx/wdt_a.obj" "../msp432p401r.cmd" "../driverlib/MSP432P4xx/ccs/msp432p4xx_driverlib.lib" "../driverlib/MSP432P4xx/keil/msp432p4xx_driverlib.lib"  -llibc.a   ../driverlib/MSP432P4xx/ewarm/msp432p4xx_driverlib.a  ../driverlib/MSP432P4xx/gcc/msp432p4xx_driverlib.a 
<Linking>
remark #10371-D: (ULP 1.1) Detected no uses of low power mode state changing instructions
Finished building target: "Lab32_Motion_Tracking.out"
 

**** Build Finished ****
