
**** Build of configuration Debug for project MSP432_ESP8266 ****

"C:\\ti\\ccs1110\\ccs\\utils\\bin\\gmake" -k -j 8 all -O 
 
Building file: "../main.c"
Invoking: ARM Compiler
"C:/ti/ccs1110/ccs/tools/compiler/ti-cgt-arm_20.2.5.LTS/bin/armcl" -mv7M4 --code_state=16 --float_support=FPv4SPD16 -me --include_path="C:/ti/ccs1110/ccs/ccs_base/arm/include" --include_path="C:/ti/simplelink_msp432p4_sdk_3_40_01_02/source" --include_path="C:/Users/Zaki/Desktop/MSP432编程/MSP432_ESP8266/inc" --include_path="C:/ti/workspace/driverlib/MSP432P4xx" --include_path="C:/ti/ccs1110/ccs/ccs_base/arm/include/CMSIS" --include_path="C:/Users/Zaki/Desktop/MSP432编程/MSP432_ESP8266" --include_path="C:/ti/ccs1110/ccs/tools/compiler/ti-cgt-arm_20.2.5.LTS/include" --advice:power="all" --define=__MSP432P401R__ --define=ccs -g --c99 --gcc --diag_warning=225 --diag_wrap=off --display_error_number --abi=eabi --preproc_with_compile --preproc_dependency="main.d_raw"  "../main.c"
 
>> Compilation failure
subdir_rules.mk:9: recipe for target 'main.obj' failed
"../main.c", line 3: fatal error #1965: cannot open source file "lab5.h"
1 catastrophic error detected in the compilation of "../main.c".
Compilation terminated.
gmake: *** [main.obj] Error 1
Building file: "../src/adc14.c"
Invoking: ARM Compiler
"C:/ti/ccs1110/ccs/tools/compiler/ti-cgt-arm_20.2.5.LTS/bin/armcl" -mv7M4 --code_state=16 --float_support=FPv4SPD16 -me --include_path="C:/ti/ccs1110/ccs/ccs_base/arm/include" --include_path="C:/ti/simplelink_msp432p4_sdk_3_40_01_02/source" --include_path="C:/Users/Zaki/Desktop/MSP432编程/MSP432_ESP8266/inc" --include_path="C:/ti/workspace/driverlib/MSP432P4xx" --include_path="C:/ti/ccs1110/ccs/ccs_base/arm/include/CMSIS" --include_path="C:/Users/Zaki/Desktop/MSP432编程/MSP432_ESP8266" --include_path="C:/ti/ccs1110/ccs/tools/compiler/ti-cgt-arm_20.2.5.LTS/include" --advice:power="all" --define=__MSP432P401R__ --define=ccs -g --c99 --gcc --diag_warning=225 --diag_wrap=off --display_error_number --abi=eabi --preproc_with_compile --preproc_dependency="src/adc14.d_raw" --obj_directory="src"  "../src/adc14.c"
 
>> Compilation failure
src/subdir_rules.mk:9: recipe for target 'src/adc14.obj' failed
"../src/adc14.c", line 46: fatal error #1965: cannot open source file "adc14.h"
1 catastrophic error detected in the compilation of "../src/adc14.c".
Compilation terminated.
gmake: *** [src/adc14.obj] Error 1
Building file: "../src/bump.c"
Invoking: ARM Compiler
"C:/ti/ccs1110/ccs/tools/compiler/ti-cgt-arm_20.2.5.LTS/bin/armcl" -mv7M4 --code_state=16 --float_support=FPv4SPD16 -me --include_path="C:/ti/ccs1110/ccs/ccs_base/arm/include" --include_path="C:/ti/simplelink_msp432p4_sdk_3_40_01_02/source" --include_path="C:/Users/Zaki/Desktop/MSP432编程/MSP432_ESP8266/inc" --include_path="C:/ti/workspace/driverlib/MSP432P4xx" --include_path="C:/ti/ccs1110/ccs/ccs_base/arm/include/CMSIS" --include_path="C:/Users/Zaki/Desktop/MSP432编程/MSP432_ESP8266" --include_path="C:/ti/ccs1110/ccs/tools/compiler/ti-cgt-arm_20.2.5.LTS/include" --advice:power="all" --define=__MSP432P401R__ --define=ccs -g --c99 --gcc --diag_warning=225 --diag_wrap=off --display_error_number --abi=eabi --preproc_with_compile --preproc_dependency="src/bump.d_raw" --obj_directory="src"  "../src/bump.c"
 
>> Compilation failure
src/subdir_rules.mk:9: recipe for target 'src/bump.obj' failed
"../src/bump.c", line 53: fatal error #1965: cannot open source file "bump.h"
1 catastrophic error detected in the compilation of "../src/bump.c".
Compilation terminated.
gmake: *** [src/bump.obj] Error 1
Building file: "../src/clock.c"
Invoking: ARM Compiler
"C:/ti/ccs1110/ccs/tools/compiler/ti-cgt-arm_20.2.5.LTS/bin/armcl" -mv7M4 --code_state=16 --float_support=FPv4SPD16 -me --include_path="C:/ti/ccs1110/ccs/ccs_base/arm/include" --include_path="C:/ti/simplelink_msp432p4_sdk_3_40_01_02/source" --include_path="C:/Users/Zaki/Desktop/MSP432编程/MSP432_ESP8266/inc" --include_path="C:/ti/workspace/driverlib/MSP432P4xx" --include_path="C:/ti/ccs1110/ccs/ccs_base/arm/include/CMSIS" --include_path="C:/Users/Zaki/Desktop/MSP432编程/MSP432_ESP8266" --include_path="C:/ti/ccs1110/ccs/tools/compiler/ti-cgt-arm_20.2.5.LTS/include" --advice:power="all" --define=__MSP432P401R__ --define=ccs -g --c99 --gcc --diag_warning=225 --diag_wrap=off --display_error_number --abi=eabi --preproc_with_compile --preproc_dependency="src/clock.d_raw" --obj_directory="src"  "../src/clock.c"
 
>> Compilation failure
src/subdir_rules.mk:9: recipe for target 'src/clock.obj' failed
"../src/clock.c", line 44: fatal error #1965: cannot open source file "clock.h"
1 catastrophic error detected in the compilation of "../src/clock.c".
Compilation terminated.
gmake: *** [src/clock.obj] Error 1
Building file: "../src/ir_distance.c"
Invoking: ARM Compiler
"C:/ti/ccs1110/ccs/tools/compiler/ti-cgt-arm_20.2.5.LTS/bin/armcl" -mv7M4 --code_state=16 --float_support=FPv4SPD16 -me --include_path="C:/ti/ccs1110/ccs/ccs_base/arm/include" --include_path="C:/ti/simplelink_msp432p4_sdk_3_40_01_02/source" --include_path="C:/Users/Zaki/Desktop/MSP432编程/MSP432_ESP8266/inc" --include_path="C:/ti/workspace/driverlib/MSP432P4xx" --include_path="C:/ti/ccs1110/ccs/ccs_base/arm/include/CMSIS" --include_path="C:/Users/Zaki/Desktop/MSP432编程/MSP432_ESP8266" --include_path="C:/ti/ccs1110/ccs/tools/compiler/ti-cgt-arm_20.2.5.LTS/include" --advice:power="all" --define=__MSP432P401R__ --define=ccs -g --c99 --gcc --diag_warning=225 --diag_wrap=off --display_error_number --abi=eabi --preproc_with_compile --preproc_dependency="src/ir_distance.d_raw" --obj_directory="src"  "../src/ir_distance.c"
 
>> Compilation failure
src/subdir_rules.mk:9: recipe for target 'src/ir_distance.obj' failed
"../src/ir_distance.c", line 61: fatal error #1965: cannot open source file "adc14.h"
1 catastrophic error detected in the compilation of "../src/ir_distance.c".
Compilation terminated.
gmake: *** [src/ir_distance.obj] Error 1
Building file: "../src/line_sensor.c"
Invoking: ARM Compiler
"C:/ti/ccs1110/ccs/tools/compiler/ti-cgt-arm_20.2.5.LTS/bin/armcl" -mv7M4 --code_state=16 --float_support=FPv4SPD16 -me --include_path="C:/ti/ccs1110/ccs/ccs_base/arm/include" --include_path="C:/ti/simplelink_msp432p4_sdk_3_40_01_02/source" --include_path="C:/Users/Zaki/Desktop/MSP432编程/MSP432_ESP8266/inc" --include_path="C:/ti/workspace/driverlib/MSP432P4xx" --include_path="C:/ti/ccs1110/ccs/ccs_base/arm/include/CMSIS" --include_path="C:/Users/Zaki/Desktop/MSP432编程/MSP432_ESP8266" --include_path="C:/ti/ccs1110/ccs/tools/compiler/ti-cgt-arm_20.2.5.LTS/include" --advice:power="all" --define=__MSP432P401R__ --define=ccs -g --c99 --gcc --diag_warning=225 --diag_wrap=off --display_error_number --abi=eabi --preproc_with_compile --preproc_dependency="src/line_sensor.d_raw" --obj_directory="src"  "../src/line_sensor.c"
 
>> Compilation failure
src/subdir_rules.mk:9: recipe for target 'src/line_sensor.obj' failed
"../src/line_sensor.c", line 13: fatal error #1965: cannot open source file "clock.h"
1 catastrophic error detected in the compilation of "../src/line_sensor.c".
Compilation terminated.
gmake: *** [src/line_sensor.obj] Error 1
Building file: "../src/motor.c"
Invoking: ARM Compiler
"C:/ti/ccs1110/ccs/tools/compiler/ti-cgt-arm_20.2.5.LTS/bin/armcl" -mv7M4 --code_state=16 --float_support=FPv4SPD16 -me --include_path="C:/ti/ccs1110/ccs/ccs_base/arm/include" --include_path="C:/ti/simplelink_msp432p4_sdk_3_40_01_02/source" --include_path="C:/Users/Zaki/Desktop/MSP432编程/MSP432_ESP8266/inc" --include_path="C:/ti/workspace/driverlib/MSP432P4xx" --include_path="C:/ti/ccs1110/ccs/ccs_base/arm/include/CMSIS" --include_path="C:/Users/Zaki/Desktop/MSP432编程/MSP432_ESP8266" --include_path="C:/ti/ccs1110/ccs/tools/compiler/ti-cgt-arm_20.2.5.LTS/include" --advice:power="all" --define=__MSP432P401R__ --define=ccs -g --c99 --gcc --diag_warning=225 --diag_wrap=off --display_error_number --abi=eabi --preproc_with_compile --preproc_dependency="src/motor.d_raw" --obj_directory="src"  "../src/motor.c"
 
>> Compilation failure
src/subdir_rules.mk:9: recipe for target 'src/motor.obj' failed
"../src/motor.c", line 56: fatal error #1965: cannot open source file "driverlib.h"
1 catastrophic error detected in the compilation of "../src/motor.c".
Compilation terminated.
gmake: *** [src/motor.obj] Error 1
Building file: "../src/timera1.c"
Invoking: ARM Compiler
"C:/ti/ccs1110/ccs/tools/compiler/ti-cgt-arm_20.2.5.LTS/bin/armcl" -mv7M4 --code_state=16 --float_support=FPv4SPD16 -me --include_path="C:/ti/ccs1110/ccs/ccs_base/arm/include" --include_path="C:/ti/simplelink_msp432p4_sdk_3_40_01_02/source" --include_path="C:/Users/Zaki/Desktop/MSP432编程/MSP432_ESP8266/inc" --include_path="C:/ti/workspace/driverlib/MSP432P4xx" --include_path="C:/ti/ccs1110/ccs/ccs_base/arm/include/CMSIS" --include_path="C:/Users/Zaki/Desktop/MSP432编程/MSP432_ESP8266" --include_path="C:/ti/ccs1110/ccs/tools/compiler/ti-cgt-arm_20.2.5.LTS/include" --advice:power="all" --define=__MSP432P401R__ --define=ccs -g --c99 --gcc --diag_warning=225 --diag_wrap=off --display_error_number --abi=eabi --preproc_with_compile --preproc_dependency="src/timera1.d_raw" --obj_directory="src"  "../src/timera1.c"
 
>> Compilation failure
src/subdir_rules.mk:9: recipe for target 'src/timera1.obj' failed
"../src/timera1.c", line 47: fatal error #1965: cannot open source file "timera1.h"
1 catastrophic error detected in the compilation of "../src/timera1.c".
Compilation terminated.
gmake: *** [src/timera1.obj] Error 1
Building file: "../src/pwm.c"
Invoking: ARM Compiler
"C:/ti/ccs1110/ccs/tools/compiler/ti-cgt-arm_20.2.5.LTS/bin/armcl" -mv7M4 --code_state=16 --float_support=FPv4SPD16 -me --include_path="C:/ti/ccs1110/ccs/ccs_base/arm/include" --include_path="C:/ti/simplelink_msp432p4_sdk_3_40_01_02/source" --include_path="C:/Users/Zaki/Desktop/MSP432编程/MSP432_ESP8266/inc" --include_path="C:/ti/workspace/driverlib/MSP432P4xx" --include_path="C:/ti/ccs1110/ccs/ccs_base/arm/include/CMSIS" --include_path="C:/Users/Zaki/Desktop/MSP432编程/MSP432_ESP8266" --include_path="C:/ti/ccs1110/ccs/tools/compiler/ti-cgt-arm_20.2.5.LTS/include" --advice:power="all" --define=__MSP432P401R__ --define=ccs -g --c99 --gcc --diag_warning=225 --diag_wrap=off --display_error_number --abi=eabi --preproc_with_compile --preproc_dependency="src/pwm.d_raw" --obj_directory="src"  "../src/pwm.c"
 
>> Compilation failure
src/subdir_rules.mk:9: recipe for target 'src/pwm.obj' failed
"../src/pwm.c", line 52: fatal error #1965: cannot open source file "pwm.h"
1 catastrophic error detected in the compilation of "../src/pwm.c".
Compilation terminated.
gmake: *** [src/pwm.obj] Error 1
Building file: "../startup_msp432p401r_ccs.c"
Invoking: ARM Compiler
"C:/ti/ccs1110/ccs/tools/compiler/ti-cgt-arm_20.2.5.LTS/bin/armcl" -mv7M4 --code_state=16 --float_support=FPv4SPD16 -me --include_path="C:/ti/ccs1110/ccs/ccs_base/arm/include" --include_path="C:/ti/simplelink_msp432p4_sdk_3_40_01_02/source" --include_path="C:/Users/Zaki/Desktop/MSP432编程/MSP432_ESP8266/inc" --include_path="C:/ti/workspace/driverlib/MSP432P4xx" --include_path="C:/ti/ccs1110/ccs/ccs_base/arm/include/CMSIS" --include_path="C:/Users/Zaki/Desktop/MSP432编程/MSP432_ESP8266" --include_path="C:/ti/ccs1110/ccs/tools/compiler/ti-cgt-arm_20.2.5.LTS/include" --advice:power="all" --define=__MSP432P401R__ --define=ccs -g --c99 --gcc --diag_warning=225 --diag_wrap=off --display_error_number --abi=eabi --preproc_with_compile --preproc_dependency="startup_msp432p401r_ccs.d_raw"  "../startup_msp432p401r_ccs.c"
Finished building: "../startup_msp432p401r_ccs.c"
 
Building file: "../src/cortexm.c"
Invoking: ARM Compiler
"C:/ti/ccs1110/ccs/tools/compiler/ti-cgt-arm_20.2.5.LTS/bin/armcl" -mv7M4 --code_state=16 --float_support=FPv4SPD16 -me --include_path="C:/ti/ccs1110/ccs/ccs_base/arm/include" --include_path="C:/ti/simplelink_msp432p4_sdk_3_40_01_02/source" --include_path="C:/Users/Zaki/Desktop/MSP432编程/MSP432_ESP8266/inc" --include_path="C:/ti/workspace/driverlib/MSP432P4xx" --include_path="C:/ti/ccs1110/ccs/ccs_base/arm/include/CMSIS" --include_path="C:/Users/Zaki/Desktop/MSP432编程/MSP432_ESP8266" --include_path="C:/ti/ccs1110/ccs/tools/compiler/ti-cgt-arm_20.2.5.LTS/include" --advice:power="all" --define=__MSP432P401R__ --define=ccs -g --c99 --gcc --diag_warning=225 --diag_wrap=off --display_error_number --abi=eabi --preproc_with_compile --preproc_dependency="src/cortexm.d_raw" --obj_directory="src"  "../src/cortexm.c"
Finished building: "../src/cortexm.c"
 
Building file: "../src/launchpad.c"
Invoking: ARM Compiler
"C:/ti/ccs1110/ccs/tools/compiler/ti-cgt-arm_20.2.5.LTS/bin/armcl" -mv7M4 --code_state=16 --float_support=FPv4SPD16 -me --include_path="C:/ti/ccs1110/ccs/ccs_base/arm/include" --include_path="C:/ti/simplelink_msp432p4_sdk_3_40_01_02/source" --include_path="C:/Users/Zaki/Desktop/MSP432编程/MSP432_ESP8266/inc" --include_path="C:/ti/workspace/driverlib/MSP432P4xx" --include_path="C:/ti/ccs1110/ccs/ccs_base/arm/include/CMSIS" --include_path="C:/Users/Zaki/Desktop/MSP432编程/MSP432_ESP8266" --include_path="C:/ti/ccs1110/ccs/tools/compiler/ti-cgt-arm_20.2.5.LTS/include" --advice:power="all" --define=__MSP432P401R__ --define=ccs -g --c99 --gcc --diag_warning=225 --diag_wrap=off --display_error_number --abi=eabi --preproc_with_compile --preproc_dependency="src/launchpad.d_raw" --obj_directory="src"  "../src/launchpad.c"
Finished building: "../src/launchpad.c"
 
Building file: "../system_msp432p401r.c"
Invoking: ARM Compiler
"C:/ti/ccs1110/ccs/tools/compiler/ti-cgt-arm_20.2.5.LTS/bin/armcl" -mv7M4 --code_state=16 --float_support=FPv4SPD16 -me --include_path="C:/ti/ccs1110/ccs/ccs_base/arm/include" --include_path="C:/ti/simplelink_msp432p4_sdk_3_40_01_02/source" --include_path="C:/Users/Zaki/Desktop/MSP432编程/MSP432_ESP8266/inc" --include_path="C:/ti/workspace/driverlib/MSP432P4xx" --include_path="C:/ti/ccs1110/ccs/ccs_base/arm/include/CMSIS" --include_path="C:/Users/Zaki/Desktop/MSP432编程/MSP432_ESP8266" --include_path="C:/ti/ccs1110/ccs/tools/compiler/ti-cgt-arm_20.2.5.LTS/include" --advice:power="all" --define=__MSP432P401R__ --define=ccs -g --c99 --gcc --diag_warning=225 --diag_wrap=off --display_error_number --abi=eabi --preproc_with_compile --preproc_dependency="system_msp432p401r.d_raw"  "../system_msp432p401r.c"
"../system_msp432p401r.c", line 156: remark #2624-D: (ULP 5.4) Detected an assignment to a type with size less than int. To avoid unnecessary sign extension, use int-sized types for local varaibles and convert to smaller types for static storage.
"../system_msp432p401r.c", line 189: remark #2624-D: (ULP 5.4) Detected an assignment to a type with size less than int. To avoid unnecessary sign extension, use int-sized types for local varaibles and convert to smaller types for static storage.
Finished building: "../system_msp432p401r.c"
 
gmake: Target 'all' not remade because of errors.

**** Build Finished ****
