
**** Build of configuration Debug for project Proj08PWM_Servo ****

"C:\\ti\\ccs1110\\ccs\\utils\\bin\\gmake" -k -j 8 all -O 
 
Building file: "../main.c"
Invoking: Arm Compiler
"C:/ti/ccs1110/ccs/tools/compiler/ti-cgt-arm_20.2.5.LTS/bin/armcl" -mv7M4 --code_state=16 --float_support=FPv4SPD16 -me --include_path="C:/ti/ccs1110/ccs/ccs_base/arm/include" --include_path="C:/ti/msp432_driverlib_3_21_00_05/driverlib/MSP432P4xx" --include_path="C:/ti/ccs1110/ccs/ccs_base/arm/include/CMSIS" --include_path="C:/ti/workspace/Proj08PWM_Servo" --include_path="C:/ti/ccs1110/ccs/tools/compiler/ti-cgt-arm_20.2.5.LTS/include" --advice:power=all --define=__MSP432P401R__ --define=ccs -g --gcc --diag_warning=225 --diag_wrap=off --display_error_number --abi=eabi --preproc_with_compile --preproc_dependency="main.d_raw"  "../main.c"
 
>> Compilation failure
subdir_rules.mk:9: recipe for target 'main.obj' failed
"C:/ti/msp432_driverlib_3_21_00_05/driverlib/MSP432P4xx/adc14.c", line 542: remark #2624-D: (ULP 5.4) Detected an assignment to a type with size less than int. To avoid unnecessary sign extension, use int-sized types for local varaibles and convert to smaller types for static storage.
"C:/ti/msp432_driverlib_3_21_00_05/driverlib/MSP432P4xx/adc14.c", line 543: remark #2624-D: (ULP 5.4) Detected an assignment to a type with size less than int. To avoid unnecessary sign extension, use int-sized types for local varaibles and convert to smaller types for static storage.
"C:/ti/msp432_driverlib_3_21_00_05/driverlib/MSP432P4xx/aes256.c", line 68: remark #1543-D: (ULP 12.2) Detected for loop with repetitive data transfer. Recommend using DMA
"C:/ti/msp432_driverlib_3_21_00_05/driverlib/MSP432P4xx/aes256.c", line 70: remark #2624-D: (ULP 5.4) Detected an assignment to a type with size less than int. To avoid unnecessary sign extension, use int-sized types for local varaibles and convert to smaller types for static storage.
"C:/ti/msp432_driverlib_3_21_00_05/driverlib/MSP432P4xx/aes256.c", line 71: remark #2624-D: (ULP 5.4) Detected an assignment to a type with size less than int. To avoid unnecessary sign extension, use int-sized types for local varaibles and convert to smaller types for static storage.
"C:/ti/msp432_driverlib_3_21_00_05/driverlib/MSP432P4xx/aes256.c", line 76: remark #1527-D: (ULP 2.1) Detected SW delay loop using empty loop. Recommend using a timer module instead
"C:/ti/msp432_driverlib_3_21_00_05/driverlib/MSP432P4xx/aes256.c", line 95: remark #2624-D: (ULP 5.4) Detected an assignment to a type with size less than int. To avoid unnecessary sign extension, use int-sized types for local varaibles and convert to smaller types for static storage.
"C:/ti/msp432_driverlib_3_21_00_05/driverlib/MSP432P4xx/aes256.c", line 96: remark #2624-D: (ULP 5.4) Detected an assignment to a type with size less than int. To avoid unnecessary sign extension, use int-sized types for local varaibles and convert to smaller types for static storage.
"C:/ti/msp432_driverlib_3_21_00_05/driverlib/MSP432P4xx/aes256.c", line 105: remark #1527-D: (ULP 2.1) Detected SW delay loop using empty loop. Recommend using a timer module instead
"C:/ti/msp432_driverlib_3_21_00_05/driverlib/MSP432P4xx/aes256.c", line 130: remark #2624-D: (ULP 5.4) Detected an assignment to a type with size less than int. To avoid unnecessary sign extension, use int-sized types for local varaibles and convert to smaller types for static storage.
"C:/ti/msp432_driverlib_3_21_00_05/driverlib/MSP432P4xx/aes256.c", line 131: remark #2624-D: (ULP 5.4) Detected an assignment to a type with size less than int. To avoid unnecessary sign extension, use int-sized types for local varaibles and convert to smaller types for static storage.
"C:/ti/msp432_driverlib_3_21_00_05/driverlib/MSP432P4xx/aes256.c", line 140: remark #1527-D: (ULP 2.1) Detected SW delay loop using empty loop. Recommend using a timer module instead
"C:/ti/msp432_driverlib_3_21_00_05/driverlib/MSP432P4xx/aes256.c", line 185: remark #2624-D: (ULP 5.4) Detected an assignment to a type with size less than int. To avoid unnecessary sign extension, use int-sized types for local varaibles and convert to smaller types for static storage.
"C:/ti/msp432_driverlib_3_21_00_05/driverlib/MSP432P4xx/aes256.c", line 186: remark #2624-D: (ULP 5.4) Detected an assignment to a type with size less than int. To avoid unnecessary sign extension, use int-sized types for local varaibles and convert to smaller types for static storage.
"C:/ti/msp432_driverlib_3_21_00_05/driverlib/MSP432P4xx/aes256.c", line 183: remark #2624-D: (ULP 5.4) Detected an assignment to a type with size less than int. To avoid unnecessary sign extension, use int-sized types for local varaibles and convert to smaller types for static storage.
"C:/ti/msp432_driverlib_3_21_00_05/driverlib/MSP432P4xx/aes256.c", line 191: remark #1527-D: (ULP 2.1) Detected SW delay loop using empty loop. Recommend using a timer module instead
"C:/ti/msp432_driverlib_3_21_00_05/driverlib/MSP432P4xx/aes256.c", line 233: remark #2624-D: (ULP 5.4) Detected an assignment to a type with size less than int. To avoid unnecessary sign extension, use int-sized types for local varaibles and convert to smaller types for static storage.
"C:/ti/msp432_driverlib_3_21_00_05/driverlib/MSP432P4xx/aes256.c", line 234: remark #2624-D: (ULP 5.4) Detected an assignment to a type with size less than int. To avoid unnecessary sign extension, use int-sized types for local varaibles and convert to smaller types for static storage.
"C:/ti/msp432_driverlib_3_21_00_05/driverlib/MSP432P4xx/aes256.c", line 231: remark #2624-D: (ULP 5.4) Detected an assignment to a type with size less than int. To avoid unnecessary sign extension, use int-sized types for local varaibles and convert to smaller types for static storage.
"C:/ti/msp432_driverlib_3_21_00_05/driverlib/MSP432P4xx/aes256.c", line 254: remark #2624-D: (ULP 5.4) Detected an assignment to a type with size less than int. To avoid unnecessary sign extension, use int-sized types for local varaibles and convert to smaller types for static storage.
"C:/ti/msp432_driverlib_3_21_00_05/driverlib/MSP432P4xx/aes256.c", line 255: remark #2624-D: (ULP 5.4) Detected an assignment to a type with size less than int. To avoid unnecessary sign extension, use int-sized types for local varaibles and convert to smaller types for static storage.
"C:/ti/msp432_driverlib_3_21_00_05/driverlib/MSP432P4xx/aes256.c", line 294: remark #1543-D: (ULP 12.2) Detected for loop with repetitive data transfer. Recommend using DMA
"C:/ti/msp432_driverlib_3_21_00_05/driverlib/MSP432P4xx/aes256.c", line 296: remark #2624-D: (ULP 5.4) Detected an assignment to a type with size less than int. To avoid unnecessary sign extension, use int-sized types for local varaibles and convert to smaller types for static storage.
"C:/ti/msp432_driverlib_3_21_00_05/driverlib/MSP432P4xx/aes256.c", line 297: remark #2624-D: (ULP 5.4) Detected an assignment to a type with size less than int. To avoid unnecessary sign extension, use int-sized types for local varaibles and convert to smaller types for static storage.
"C:/ti/msp432_driverlib_3_21_00_05/driverlib/MSP432P4xx/aes256.c", line 314: remark #2624-D: (ULP 5.4) Detected an assignment to a type with size less than int. To avoid unnecessary sign extension, use int-sized types for local varaibles and convert to smaller types for static storage.
"C:/ti/msp432_driverlib_3_21_00_05/driverlib/MSP432P4xx/flash.c", line 725: remark #1527-D: (ULP 2.1) Detected SW delay loop using empty loop. Recommend using a timer module instead
"C:/ti/msp432_driverlib_3_21_00_05/driverlib/MSP432P4xx/flash.c", line 732: remark #1527-D: (ULP 2.1) Detected SW delay loop using empty loop. Recommend using a timer module instead
"C:/ti/msp432_driverlib_3_21_00_05/driverlib/MSP432P4xx/flash.c", line 1300: remark #2624-D: (ULP 5.4) Detected an assignment to a type with size less than int. To avoid unnecessary sign extension, use int-sized types for local varaibles and convert to smaller types for static storage.
"C:/ti/msp432_driverlib_3_21_00_05/driverlib/MSP432P4xx/flash.c", line 1337: remark #2624-D: (ULP 5.4) Detected an assignment to a type with size less than int. To avoid unnecessary sign extension, use int-sized types for local varaibles and convert to smaller types for static storage.
"C:/ti/msp432_driverlib_3_21_00_05/driverlib/MSP432P4xx/i2c.c", line 163: remark #1527-D: (ULP 2.1) Detected SW delay loop using empty loop. Recommend using a timer module instead
"C:/ti/msp432_driverlib_3_21_00_05/driverlib/MSP432P4xx/i2c.c", line 201: remark #1528-D: (ULP 3.1) Detected flag polling using EUSCI_B_IFG_TXIFG. Recommend using an interrupt combined with enter LPMx and ISR
"C:/ti/msp432_driverlib_3_21_00_05/driverlib/MSP432P4xx/i2c.c", line 208: remark #1528-D: (ULP 3.1) Detected flag polling using EUSCI_B_IFG_TXIFG. Recommend using an interrupt combined with enter LPMx and ISR
"C:/ti/msp432_driverlib_3_21_00_05/driverlib/MSP432P4xx/i2c.c", line 239: remark #1528-D: (ULP 3.1) Detected flag polling using EUSCI_B_IFG_TXIFG. Recommend using an interrupt combined with enter LPMx and ISR
"C:/ti/msp432_driverlib_3_21_00_05/driverlib/MSP432P4xx/i2c.c", line 250: remark #1527-D: (ULP 2.1) Detected SW delay loop using empty loop. Recommend using a timer module instead
"C:/ti/msp432_driverlib_3_21_00_05/driverlib/MSP432P4xx/i2c.c", line 282: remark #1527-D: (ULP 2.1) Detected SW delay loop using empty loop. Recommend using a timer module instead
"C:/ti/msp432_driverlib_3_21_00_05/driverlib/MSP432P4xx/i2c.c", line 309: remark #1527-D: (ULP 2.1) Detected SW delay loop using empty loop. Recommend using a timer module instead
"C:/ti/msp432_driverlib_3_21_00_05/driverlib/MSP432P4xx/i2c.c", line 332: remark #1527-D: (ULP 2.1) Detected SW delay loop using empty loop. Recommend using a timer module instead
"C:/ti/msp432_driverlib_3_21_00_05/driverlib/MSP432P4xx/i2c.c", line 350: remark #1527-D: (ULP 2.1) Detected SW delay loop using empty loop. Recommend using a timer module instead
"C:/ti/msp432_driverlib_3_21_00_05/driverlib/MSP432P4xx/i2c.c", line 371: remark #1527-D: (ULP 2.1) Detected SW delay loop using empty loop. Recommend using a timer module instead
"C:/ti/msp432_driverlib_3_21_00_05/driverlib/MSP432P4xx/i2c.c", line 380: remark #1527-D: (ULP 2.1) Detected SW delay loop using empty loop. Recommend using a timer module instead
"C:/ti/msp432_driverlib_3_21_00_05/driverlib/MSP432P4xx/i2c.c", line 398: remark #1527-D: (ULP 2.1) Detected SW delay loop using empty loop. Recommend using a timer module instead
"C:/ti/msp432_driverlib_3_21_00_05/driverlib/MSP432P4xx/i2c.c", line 411: remark #1527-D: (ULP 2.1) Detected SW delay loop using empty loop. Recommend using a timer module instead
"C:/ti/msp432_driverlib_3_21_00_05/driverlib/MSP432P4xx/i2c.c", line 431: remark #1527-D: (ULP 2.1) Detected SW delay loop using empty loop. Recommend using a timer module instead
"C:/ti/msp432_driverlib_3_21_00_05/driverlib/MSP432P4xx/i2c.c", line 449: remark #1527-D: (ULP 2.1) Detected SW delay loop using empty loop. Recommend using a timer module instead
"C:/ti/msp432_driverlib_3_21_00_05/driverlib/MSP432P4xx/i2c.c", line 484: remark #1527-D: (ULP 2.1) Detected SW delay loop using empty loop. Recommend using a timer module instead
"C:/ti/msp432_driverlib_3_21_00_05/driverlib/MSP432P4xx/i2c.c", line 487: remark #1527-D: (ULP 2.1) Detected SW delay loop using empty loop. Recommend using a timer module instead
"C:/ti/msp432_driverlib_3_21_00_05/driverlib/MSP432P4xx/i2c.c", line 507: remark #1527-D: (ULP 2.1) Detected SW delay loop using empty loop. Recommend using a timer module instead
"C:/ti/msp432_driverlib_3_21_00_05/driverlib/MSP432P4xx/i2c.c", line 516: remark #1527-D: (ULP 2.1) Detected SW delay loop using empty loop. Recommend using a timer module instead
"C:/ti/msp432_driverlib_3_21_00_05/driverlib/MSP432P4xx/i2c.c", line 542: remark #1527-D: (ULP 2.1) Detected SW delay loop using empty loop. Recommend using a timer module instead
"C:/ti/msp432_driverlib_3_21_00_05/driverlib/MSP432P4xx/interrupt.c", line 127: remark #1527-D: (ULP 2.1) Detected SW delay loop using empty loop. Recommend using a timer module instead
"C:/ti/msp432_driverlib_3_21_00_05/driverlib/MSP432P4xx/pcm.c", line 61: remark #2624-D: (ULP 5.4) Detected an assignment to a type with size less than int. To avoid unnecessary sign extension, use int-sized types for local varaibles and convert to smaller types for static storage.
"C:/ti/msp432_driverlib_3_21_00_05/driverlib/MSP432P4xx/pcm.c", line 215: remark #2624-D: (ULP 5.4) Detected an assignment to a type with size less than int. To avoid unnecessary sign extension, use int-sized types for local varaibles and convert to smaller types for static storage.
"C:/ti/msp432_driverlib_3_21_00_05/driverlib/MSP432P4xx/pmap.c", line 58: remark #1543-D: (ULP 12.2) Detected for loop with repetitive data transfer. Recommend using DMA
"C:/ti/msp432_driverlib_3_21_00_05/driverlib/MSP432P4xx/rtc_c.c", line 74: remark #1527-D: (ULP 2.1) Detected SW delay loop using empty loop. Recommend using a timer module instead
"C:/ti/msp432_driverlib_3_21_00_05/driverlib/MSP432P4xx/rtc_c.c", line 109: remark #1527-D: (ULP 2.1) Detected SW delay loop using empty loop. Recommend using a timer module instead
"C:/ti/msp432_driverlib_3_21_00_05/driverlib/MSP432P4xx/sysctl.c", line 157: remark #1527-D: (ULP 2.1) Detected SW delay loop using empty loop. Recommend using a timer module instead
"C:/ti/msp432_driverlib_3_21_00_05/driverlib/MSP432P4xx/sysctl.c", line 168: remark #1527-D: (ULP 2.1) Detected SW delay loop using empty loop. Recommend using a timer module instead
"C:/ti/msp432_driverlib_3_21_00_05/driverlib/MSP432P4xx/sysctl.c", line 212: remark #1527-D: (ULP 2.1) Detected SW delay loop using empty loop. Recommend using a timer module instead
"C:/ti/msp432_driverlib_3_21_00_05/driverlib/MSP432P4xx/sysctl.c", line 223: remark #1527-D: (ULP 2.1) Detected SW delay loop using empty loop. Recommend using a timer module instead
"C:/ti/msp432_driverlib_3_21_00_05/driverlib/MSP432P4xx/timer_a.c", line 562: error #7: unrecognized token
"C:/ti/msp432_driverlib_3_21_00_05/driverlib/MSP432P4xx/timer_a.c", line 562: error #29: expected an expression
"C:/ti/msp432_driverlib_3_21_00_05/driverlib/MSP432P4xx/timer_a.c", line 726: warning #12-D: parsing restarts here after previous syntax error
"C:/ti/msp432_driverlib_3_21_00_05/driverlib/MSP432P4xx/timer_a.c", line 728: error #171: expected a declaration
"C:/ti/msp432_driverlib_3_21_00_05/driverlib/MSP432P4xx/timer_a.c", line 780: warning #12-D: parsing restarts here after previous syntax error
"C:/ti/msp432_driverlib_3_21_00_05/driverlib/MSP432P4xx/timer_a.c", line 781: error #171: expected a declaration
"../main.c", line 177: warning #12-D: parsing restarts here after previous syntax error
"../main.c", line 186: error #20: identifier "pwmConfig" is undefined
"C:/ti/msp432_driverlib_3_21_00_05/driverlib/MSP432P4xx/flash.c", line 50: remark #1534-D: (ULP 7.1) Detected use of global variable "MAX_ERASE_NO_TLV" within one function "FlashCtl_eraseSector". Recommend placing variable in the function locally
"C:/ti/msp432_driverlib_3_21_00_05/driverlib/MSP432P4xx/flash.c", line 51: remark #1534-D: (ULP 7.1) Detected use of global variable "MAX_PROGRAM_NO_TLV" within one function "FlashCtl_programMemory". Recommend placing variable in the function locally
5 errors detected in the compilation of "../main.c".
gmake: *** [main.obj] Error 1
gmake: Target 'all' not remade because of errors.

**** Build Finished ****
