
**** Build of configuration Debug for project Proj09bizhang ****

"C:\\ti\\ccs1110\\ccs\\utils\\bin\\gmake" -k -j 8 all -O 
 
Building file: "../main.c"
Invoking: Arm Compiler
"C:/ti/ccs1110/ccs/tools/compiler/ti-cgt-arm_20.2.5.LTS/bin/armcl" -mv7M4 --code_state=16 --float_support=FPv4SPD16 -me --include_path="C:/ti/msp432_driverlib_3_21_00_05/driverlib/MSP432P4xx" --include_path="C:/ti/ccs1110/ccs/ccs_base/arm/include" --include_path="C:/ti/ccs1110/ccs/ccs_base/arm/include/CMSIS" --include_path="C:/ti/workspace/Proj09bizhang" --include_path="C:/ti/ccs1110/ccs/tools/compiler/ti-cgt-arm_20.2.5.LTS/include" --advice:power=all --define=__MSP432P401R__ --define=ccs -g --gcc --diag_warning=225 --diag_wrap=off --display_error_number --abi=eabi --preproc_with_compile --preproc_dependency="main.d_raw"  "../main.c"
"C:/ti/msp432_driverlib_3_21_00_05/driverlib/MSP432P4xx/adc14.c", line 542: remark #2624-D: (ULP 5.4) Detected an assignment to a type with size less than int. To avoid unnecessary sign extension, use int-sized types for local varaibles and convert to smaller types for static storage.
"C:/ti/msp432_driverlib_3_21_00_05/driverlib/MSP432P4xx/adc14.c", line 543: remark #2624-D: (ULP 5.4) Detected an assignment to a type with size less than int. To avoid unnecessary sign extension, use int-sized types for local varaibles and convert to smaller types for static storage.
"C:/ti/msp432_driverlib_3_21_00_05/driverlib/MSP432P4xx/aes256.c", line 68: remark #1543-D: (ULP 12.2) Detected for loop with repetitive data transfer. Recommend using DMA
"C:/ti/msp432_driverlib_3_21_00_05/driverlib/MSP432P4xx/aes256.c", line 70: remark #2624-D: (ULP 5.4) Detected an assignment to a type with size less than int. To avoid unnecessary sign extension, use int-sized types for local varaibles and convert to smaller types for static storage.
"C:/ti/msp432_driverlib_3_21_00_05/driverlib/MSP432P4xx/aes256.c", line 71: remark #2624-D: (ULP 5.4) Detected an assignment to a type with size less than int. To avoid unnecessary sign extension, use int-sized types for local varaibles and convert to smaller types for static storage.
"C:/ti/msp432_driverlib_3_21_00_05/driverlib/MSP432P4xx/aes256.c", line 76: remark #1527-D: (ULP 2.1) Detected SW delay loop using empty loop. Recommend using a timer module instead
"C:/ti/msp432_driverlib_3_21_00_05/driverlib/MSP432P4xx/aes256.c", line 95: remark #2624-D: (ULP 5.4) Detected an assignment to a type with size less than int. To avoid unnecessary sign extension, use int-sized types for local varaibles and convert to smaller types for static storage.
"C:/ti/msp432_driverlib_3_21_00_05/driverlib/MSP432P4xx/aes256.c", line 96: remark #2624-D: (ULP 5.4) Detected an assignment to a type with size less than int. To avoid unnecessary sign extension, use int-sized types for local varaibles and convert to smaller types for static storage.
"C:/ti/msp432_driverlib_3_21_00_05/driverlib/MSP432P4xx/aes256.c", line 105: remark #1527-D: (ULP 2.1) Detected SW delay loop using empty loop. Recommend using a timer module instead
"C:/ti/msp432_driverlib_3_21_00_05/driverlib/MSP432P4xx/aes256.c", line 130: remark #2624-D: (ULP 5.4) Detected an assignment to a type with size less than int. To avoid unnecessary sign extension, use int-sized types for local varaibles and convert to smaller types for static storage.
"C:/ti/msp432_driverlib_3_21_00_05/driverlib/MSP432P4xx/aes256.c", line 131: remark #2624-D: (ULP 5.4) Detected an assignment to a type with size less than int. To avoid unnecessary sign extension, use int-sized types for local varaibles and convert to smaller types for static storage.
"C:/ti/msp432_driverlib_3_21_00_05/driverlib/MSP432P4xx/aes256.c", line 140: remark #1527-D: (ULP 2.1) Detected SW delay loop using empty loop. Recommend using a timer module instead
"C:/ti/msp432_driverlib_3_21_00_05/driverlib/MSP432P4xx/aes256.c", line 185: remark #2624-D: (ULP 5.4) Detected an assignment to a type with size less than int. To avoid unnecessary sign extension, use int-sized types for local varaibles and convert to smaller types for static storage.
"C:/ti/msp432_driverlib_3_21_00_05/driverlib/MSP432P4xx/aes256.c", line 186: remark #2624-D: (ULP 5.4) Detected an assignment to a type with size less than int. To avoid unnecessary sign extension, use int-sized types for local varaibles and convert to smaller types for static storage.
"C:/ti/msp432_driverlib_3_21_00_05/driverlib/MSP432P4xx/aes256.c", line 183: remark #2624-D: (ULP 5.4) Detected an assignment to a type with size less than int. To avoid unnecessary sign extension, use int-sized types for local varaibles and convert to smaller types for static storage.
"C:/ti/msp432_driverlib_3_21_00_05/driverlib/MSP432P4xx/aes256.c", line 191: remark #1527-D: (ULP 2.1) Detected SW delay loop using empty loop. Recommend using a timer module instead
"C:/ti/msp432_driverlib_3_21_00_05/driverlib/MSP432P4xx/aes256.c", line 233: remark #2624-D: (ULP 5.4) Detected an assignment to a type with size less than int. To avoid unnecessary sign extension, use int-sized types for local varaibles and convert to smaller types for static storage.
"C:/ti/msp432_driverlib_3_21_00_05/driverlib/MSP432P4xx/aes256.c", line 234: remark #2624-D: (ULP 5.4) Detected an assignment to a type with size less than int. To avoid unnecessary sign extension, use int-sized types for local varaibles and convert to smaller types for static storage.
"C:/ti/msp432_driverlib_3_21_00_05/driverlib/MSP432P4xx/aes256.c", line 231: remark #2624-D: (ULP 5.4) Detected an assignment to a type with size less than int. To avoid unnecessary sign extension, use int-sized types for local varaibles and convert to smaller types for static storage.
"C:/ti/msp432_driverlib_3_21_00_05/driverlib/MSP432P4xx/aes256.c", line 254: remark #2624-D: (ULP 5.4) Detected an assignment to a type with size less than int. To avoid unnecessary sign extension, use int-sized types for local varaibles and convert to smaller types for static storage.
"C:/ti/msp432_driverlib_3_21_00_05/driverlib/MSP432P4xx/aes256.c", line 255: remark #2624-D: (ULP 5.4) Detected an assignment to a type with size less than int. To avoid unnecessary sign extension, use int-sized types for local varaibles and convert to smaller types for static storage.
"C:/ti/msp432_driverlib_3_21_00_05/driverlib/MSP432P4xx/aes256.c", line 294: remark #1543-D: (ULP 12.2) Detected for loop with repetitive data transfer. Recommend using DMA
"C:/ti/msp432_driverlib_3_21_00_05/driverlib/MSP432P4xx/aes256.c", line 296: remark #2624-D: (ULP 5.4) Detected an assignment to a type with size less than int. To avoid unnecessary sign extension, use int-sized types for local varaibles and convert to smaller types for static storage.
"C:/ti/msp432_driverlib_3_21_00_05/driverlib/MSP432P4xx/aes256.c", line 297: remark #2624-D: (ULP 5.4) Detected an assignment to a type with size less than int. To avoid unnecessary sign extension, use int-sized types for local varaibles and convert to smaller types for static storage.
"C:/ti/msp432_driverlib_3_21_00_05/driverlib/MSP432P4xx/aes256.c", line 314: remark #2624-D: (ULP 5.4) Detected an assignment to a type with size less than int. To avoid unnecessary sign extension, use int-sized types for local varaibles and convert to smaller types for static storage.
"C:/ti/msp432_driverlib_3_21_00_05/driverlib/MSP432P4xx/flash.c", line 725: remark #1527-D: (ULP 2.1) Detected SW delay loop using empty loop. Recommend using a timer module instead
"C:/ti/msp432_driverlib_3_21_00_05/driverlib/MSP432P4xx/flash.c", line 732: remark #1527-D: (ULP 2.1) Detected SW delay loop using empty loop. Recommend using a timer module instead
"C:/ti/msp432_driverlib_3_21_00_05/driverlib/MSP432P4xx/flash.c", line 1300: remark #2624-D: (ULP 5.4) Detected an assignment to a type with size less than int. To avoid unnecessary sign extension, use int-sized types for local varaibles and convert to smaller types for static storage.
"C:/ti/msp432_driverlib_3_21_00_05/driverlib/MSP432P4xx/flash.c", line 1337: remark #2624-D: (ULP 5.4) Detected an assignment to a type with size less than int. To avoid unnecessary sign extension, use int-sized types for local varaibles and convert to smaller types for static storage.
"C:/ti/msp432_driverlib_3_21_00_05/driverlib/MSP432P4xx/i2c.c", line 163: remark #1527-D: (ULP 2.1) Detected SW delay loop using empty loop. Recommend using a timer module instead
"C:/ti/msp432_driverlib_3_21_00_05/driverlib/MSP432P4xx/i2c.c", line 201: remark #1528-D: (ULP 3.1) Detected flag polling using EUSCI_B_IFG_TXIFG. Recommend using an interrupt combined with enter LPMx and ISR
"C:/ti/msp432_driverlib_3_21_00_05/driverlib/MSP432P4xx/i2c.c", line 208: remark #1528-D: (ULP 3.1) Detected flag polling using EUSCI_B_IFG_TXIFG. Recommend using an interrupt combined with enter LPMx and ISR
"C:/ti/msp432_driverlib_3_21_00_05/driverlib/MSP432P4xx/i2c.c", line 239: remark #1528-D: (ULP 3.1) Detected flag polling using EUSCI_B_IFG_TXIFG. Recommend using an interrupt combined with enter LPMx and ISR
"C:/ti/msp432_driverlib_3_21_00_05/driverlib/MSP432P4xx/i2c.c", line 250: remark #1527-D: (ULP 2.1) Detected SW delay loop using empty loop. Recommend using a timer module instead
"C:/ti/msp432_driverlib_3_21_00_05/driverlib/MSP432P4xx/i2c.c", line 282: remark #1527-D: (ULP 2.1) Detected SW delay loop using empty loop. Recommend using a timer module instead
"C:/ti/msp432_driverlib_3_21_00_05/driverlib/MSP432P4xx/i2c.c", line 309: remark #1527-D: (ULP 2.1) Detected SW delay loop using empty loop. Recommend using a timer module instead
"C:/ti/msp432_driverlib_3_21_00_05/driverlib/MSP432P4xx/i2c.c", line 332: remark #1527-D: (ULP 2.1) Detected SW delay loop using empty loop. Recommend using a timer module instead
"C:/ti/msp432_driverlib_3_21_00_05/driverlib/MSP432P4xx/i2c.c", line 350: remark #1527-D: (ULP 2.1) Detected SW delay loop using empty loop. Recommend using a timer module instead
"C:/ti/msp432_driverlib_3_21_00_05/driverlib/MSP432P4xx/i2c.c", line 371: remark #1527-D: (ULP 2.1) Detected SW delay loop using empty loop. Recommend using a timer module instead
"C:/ti/msp432_driverlib_3_21_00_05/driverlib/MSP432P4xx/i2c.c", line 380: remark #1527-D: (ULP 2.1) Detected SW delay loop using empty loop. Recommend using a timer module instead
"C:/ti/msp432_driverlib_3_21_00_05/driverlib/MSP432P4xx/i2c.c", line 398: remark #1527-D: (ULP 2.1) Detected SW delay loop using empty loop. Recommend using a timer module instead
"C:/ti/msp432_driverlib_3_21_00_05/driverlib/MSP432P4xx/i2c.c", line 411: remark #1527-D: (ULP 2.1) Detected SW delay loop using empty loop. Recommend using a timer module instead
"C:/ti/msp432_driverlib_3_21_00_05/driverlib/MSP432P4xx/i2c.c", line 431: remark #1527-D: (ULP 2.1) Detected SW delay loop using empty loop. Recommend using a timer module instead
"C:/ti/msp432_driverlib_3_21_00_05/driverlib/MSP432P4xx/i2c.c", line 449: remark #1527-D: (ULP 2.1) Detected SW delay loop using empty loop. Recommend using a timer module instead
"C:/ti/msp432_driverlib_3_21_00_05/driverlib/MSP432P4xx/i2c.c", line 484: remark #1527-D: (ULP 2.1) Detected SW delay loop using empty loop. Recommend using a timer module instead
"C:/ti/msp432_driverlib_3_21_00_05/driverlib/MSP432P4xx/i2c.c", line 487: remark #1527-D: (ULP 2.1) Detected SW delay loop using empty loop. Recommend using a timer module instead
"C:/ti/msp432_driverlib_3_21_00_05/driverlib/MSP432P4xx/i2c.c", line 507: remark #1527-D: (ULP 2.1) Detected SW delay loop using empty loop. Recommend using a timer module instead
"C:/ti/msp432_driverlib_3_21_00_05/driverlib/MSP432P4xx/i2c.c", line 516: remark #1527-D: (ULP 2.1) Detected SW delay loop using empty loop. Recommend using a timer module instead
"C:/ti/msp432_driverlib_3_21_00_05/driverlib/MSP432P4xx/i2c.c", line 542: remark #1527-D: (ULP 2.1) Detected SW delay loop using empty loop. Recommend using a timer module instead
"C:/ti/msp432_driverlib_3_21_00_05/driverlib/MSP432P4xx/interrupt.c", line 127: remark #1527-D: (ULP 2.1) Detected SW delay loop using empty loop. Recommend using a timer module instead
"C:/ti/msp432_driverlib_3_21_00_05/driverlib/MSP432P4xx/pcm.c", line 61: remark #2624-D: (ULP 5.4) Detected an assignment to a type with size less than int. To avoid unnecessary sign extension, use int-sized types for local varaibles and convert to smaller types for static storage.
"C:/ti/msp432_driverlib_3_21_00_05/driverlib/MSP432P4xx/pcm.c", line 215: remark #2624-D: (ULP 5.4) Detected an assignment to a type with size less than int. To avoid unnecessary sign extension, use int-sized types for local varaibles and convert to smaller types for static storage.
"C:/ti/msp432_driverlib_3_21_00_05/driverlib/MSP432P4xx/pmap.c", line 58: remark #1543-D: (ULP 12.2) Detected for loop with repetitive data transfer. Recommend using DMA
"C:/ti/msp432_driverlib_3_21_00_05/driverlib/MSP432P4xx/rtc_c.c", line 74: remark #1527-D: (ULP 2.1) Detected SW delay loop using empty loop. Recommend using a timer module instead
"C:/ti/msp432_driverlib_3_21_00_05/driverlib/MSP432P4xx/rtc_c.c", line 109: remark #1527-D: (ULP 2.1) Detected SW delay loop using empty loop. Recommend using a timer module instead
"C:/ti/msp432_driverlib_3_21_00_05/driverlib/MSP432P4xx/sysctl.c", line 157: remark #1527-D: (ULP 2.1) Detected SW delay loop using empty loop. Recommend using a timer module instead
"C:/ti/msp432_driverlib_3_21_00_05/driverlib/MSP432P4xx/sysctl.c", line 168: remark #1527-D: (ULP 2.1) Detected SW delay loop using empty loop. Recommend using a timer module instead
"C:/ti/msp432_driverlib_3_21_00_05/driverlib/MSP432P4xx/sysctl.c", line 212: remark #1527-D: (ULP 2.1) Detected SW delay loop using empty loop. Recommend using a timer module instead
"C:/ti/msp432_driverlib_3_21_00_05/driverlib/MSP432P4xx/sysctl.c", line 223: remark #1527-D: (ULP 2.1) Detected SW delay loop using empty loop. Recommend using a timer module instead
"C:/ti/msp432_driverlib_3_21_00_05/driverlib/MSP432P4xx/uart.c", line 127: remark #1527-D: (ULP 2.1) Detected SW delay loop using empty loop. Recommend using a timer module instead
"C:/ti/msp432_driverlib_3_21_00_05/driverlib/MSP432P4xx/uart.c", line 137: remark #1527-D: (ULP 2.1) Detected SW delay loop using empty loop. Recommend using a timer module instead
"C:/ti/msp432_driverlib_3_21_00_05/driverlib/MSP432P4xx/uart.c", line 205: remark #1527-D: (ULP 2.1) Detected SW delay loop using empty loop. Recommend using a timer module instead
"C:/ti/msp432_driverlib_3_21_00_05/driverlib/MSP432P4xx/cs.c", line 234: remark #1527-D: (ULP 2.1) Detected SW delay loop using empty loop. Recommend using a timer module instead
"C:/ti/msp432_driverlib_3_21_00_05/driverlib/MSP432P4xx/cs.c", line 243: remark #1527-D: (ULP 2.1) Detected SW delay loop using empty loop. Recommend using a timer module instead
"C:/ti/msp432_driverlib_3_21_00_05/driverlib/MSP432P4xx/cs.c", line 253: remark #1527-D: (ULP 2.1) Detected SW delay loop using empty loop. Recommend using a timer module instead
"C:/ti/msp432_driverlib_3_21_00_05/driverlib/MSP432P4xx/cs.c", line 261: remark #1527-D: (ULP 2.1) Detected SW delay loop using empty loop. Recommend using a timer module instead
"C:/ti/msp432_driverlib_3_21_00_05/driverlib/MSP432P4xx/cs.c", line 270: remark #1527-D: (ULP 2.1) Detected SW delay loop using empty loop. Recommend using a timer module instead
"C:/ti/msp432_driverlib_3_21_00_05/driverlib/MSP432P4xx/cs.c", line 278: remark #1527-D: (ULP 2.1) Detected SW delay loop using empty loop. Recommend using a timer module instead
"C:/ti/msp432_driverlib_3_21_00_05/driverlib/MSP432P4xx/cs.c", line 287: remark #1527-D: (ULP 2.1) Detected SW delay loop using empty loop. Recommend using a timer module instead
"C:/ti/msp432_driverlib_3_21_00_05/driverlib/MSP432P4xx/cs.c", line 295: remark #1527-D: (ULP 2.1) Detected SW delay loop using empty loop. Recommend using a timer module instead
"C:/ti/msp432_driverlib_3_21_00_05/driverlib/MSP432P4xx/cs.c", line 305: remark #1527-D: (ULP 2.1) Detected SW delay loop using empty loop. Recommend using a timer module instead
"C:/ti/msp432_driverlib_3_21_00_05/driverlib/MSP432P4xx/cs.c", line 319: remark #1527-D: (ULP 2.1) Detected SW delay loop using empty loop. Recommend using a timer module instead
"C:/ti/msp432_driverlib_3_21_00_05/driverlib/MSP432P4xx/cs.c", line 355: remark #2624-D: (ULP 5.4) Detected an assignment to a type with size less than int. To avoid unnecessary sign extension, use int-sized types for local varaibles and convert to smaller types for static storage.
"C:/ti/msp432_driverlib_3_21_00_05/driverlib/MSP432P4xx/cs.c", line 421: remark #2624-D: (ULP 5.4) Detected an assignment to a type with size less than int. To avoid unnecessary sign extension, use int-sized types for local varaibles and convert to smaller types for static storage.
"C:/ti/msp432_driverlib_3_21_00_05/driverlib/MSP432P4xx/cs.c", line 423: remark #2624-D: (ULP 5.4) Detected an assignment to a type with size less than int. To avoid unnecessary sign extension, use int-sized types for local varaibles and convert to smaller types for static storage.
"C:/ti/msp432_driverlib_3_21_00_05/driverlib/MSP432P4xx/cs.c", line 424: remark #2624-D: (ULP 5.4) Detected an assignment to a type with size less than int. To avoid unnecessary sign extension, use int-sized types for local varaibles and convert to smaller types for static storage.
"C:/ti/msp432_driverlib_3_21_00_05/driverlib/MSP432P4xx/cs.c", line 630: remark #2624-D: (ULP 5.4) Detected an assignment to a type with size less than int. To avoid unnecessary sign extension, use int-sized types for local varaibles and convert to smaller types for static storage.
"C:/ti/msp432_driverlib_3_21_00_05/driverlib/MSP432P4xx/cs.c", line 633: remark #2624-D: (ULP 5.4) Detected an assignment to a type with size less than int. To avoid unnecessary sign extension, use int-sized types for local varaibles and convert to smaller types for static storage.
"C:/ti/msp432_driverlib_3_21_00_05/driverlib/MSP432P4xx/cs.c", line 638: remark #2624-D: (ULP 5.4) Detected an assignment to a type with size less than int. To avoid unnecessary sign extension, use int-sized types for local varaibles and convert to smaller types for static storage.
"C:/ti/msp432_driverlib_3_21_00_05/driverlib/MSP432P4xx/cs.c", line 641: remark #2624-D: (ULP 5.4) Detected an assignment to a type with size less than int. To avoid unnecessary sign extension, use int-sized types for local varaibles and convert to smaller types for static storage.
"../main.c", line 48: remark #1527-D: (ULP 2.1) Detected SW delay loop using empty loop. Recommend using a timer module instead
"../main.c", line 102: remark #1527-D: (ULP 2.1) Detected SW delay loop using empty loop. Recommend using a timer module instead
"../main.c", line 104: remark #1527-D: (ULP 2.1) Detected SW delay loop using empty loop. Recommend using a timer module instead
"../main.c", line 127: warning #169-D: argument of type "const Timer_A_UpModeConfig *" is incompatible with parameter of type "const eUSCI_UART_Config *"
"../main.c", line 123: warning #552-D: variable "Distance1" was set but never used
"C:/ti/msp432_driverlib_3_21_00_05/driverlib/MSP432P4xx/flash.c", line 50: remark #1534-D: (ULP 7.1) Detected use of global variable "MAX_ERASE_NO_TLV" within one function "FlashCtl_eraseSector". Recommend placing variable in the function locally
"C:/ti/msp432_driverlib_3_21_00_05/driverlib/MSP432P4xx/flash.c", line 51: remark #1534-D: (ULP 7.1) Detected use of global variable "MAX_PROGRAM_NO_TLV" within one function "FlashCtl_programMemory". Recommend placing variable in the function locally
Finished building: "../main.c"
 
Building target: "Proj09bizhang.out"
Invoking: Arm Linker
"C:/ti/ccs1110/ccs/tools/compiler/ti-cgt-arm_20.2.5.LTS/bin/armcl" -mv7M4 --code_state=16 --float_support=FPv4SPD16 -me --advice:power=all --define=__MSP432P401R__ --define=ccs -g --gcc --diag_warning=225 --diag_wrap=off --display_error_number --abi=eabi -z -m"Proj09bizhang.map" --heap_size=1024 --stack_size=512 -i"C:/ti/ccs1110/ccs/ccs_base/arm/include" -i"C:/ti/ccs1110/ccs/tools/compiler/ti-cgt-arm_20.2.5.LTS/lib" -i"C:/ti/ccs1110/ccs/tools/compiler/ti-cgt-arm_20.2.5.LTS/include" --reread_libs --diag_wrap=off --display_error_number --warn_sections --xml_link_info="Proj09bizhang_linkInfo.xml" --rom_model -o "Proj09bizhang.out" "./main.obj" "./startup_msp432p401r_ccs.obj" "./system_msp432p401r.obj" "../msp432p401r.cmd"  -llibc.a 
<Linking>
remark #10371-D: (ULP 1.1) Detected no uses of low power mode state changing instructions
remark #10372-D: (ULP 4.1) Detected uninitialized Port 1 in this project. Recommend initializing all unused ports to eliminate wasted current consumption on unused pins.
remark #10372-D: (ULP 4.1) Detected uninitialized Port 2 in this project. Recommend initializing all unused ports to eliminate wasted current consumption on unused pins.
remark #10372-D: (ULP 4.1) Detected uninitialized Port 3 in this project. Recommend initializing all unused ports to eliminate wasted current consumption on unused pins.
remark #10372-D: (ULP 4.1) Detected uninitialized Port 4 in this project. Recommend initializing all unused ports to eliminate wasted current consumption on unused pins.
remark #10372-D: (ULP 4.1) Detected uninitialized Port 5 in this project. Recommend initializing all unused ports to eliminate wasted current consumption on unused pins.
remark #10372-D: (ULP 4.1) Detected uninitialized Port 6 in this project. Recommend initializing all unused ports to eliminate wasted current consumption on unused pins.
remark #10372-D: (ULP 4.1) Detected uninitialized Port 7 in this project. Recommend initializing all unused ports to eliminate wasted current consumption on unused pins.
remark #10372-D: (ULP 4.1) Detected uninitialized Port 8 in this project. Recommend initializing all unused ports to eliminate wasted current consumption on unused pins.
remark #10372-D: (ULP 4.1) Detected uninitialized Port 9 in this project. Recommend initializing all unused ports to eliminate wasted current consumption on unused pins.
remark #10372-D: (ULP 4.1) Detected uninitialized Port 10 in this project. Recommend initializing all unused ports to eliminate wasted current consumption on unused pins.
Finished building target: "Proj09bizhang.out"
 

**** Build Finished ****
